/usr/local/lib/python3.5/dist-packages/tensorflow/python/framework/dtypes.py:516: FutureWarning: Passing (type, 1) or '1type' as a synonym of type is deprecated; in a future version of numpy, it will be understood as (type, (1,)) / '(1,)type'.
  _np_qint8 = np.dtype([("qint8", np.int8, 1)])
/usr/local/lib/python3.5/dist-packages/tensorflow/python/framework/dtypes.py:517: FutureWarning: Passing (type, 1) or '1type' as a synonym of type is deprecated; in a future version of numpy, it will be understood as (type, (1,)) / '(1,)type'.
  _np_quint8 = np.dtype([("quint8", np.uint8, 1)])
/usr/local/lib/python3.5/dist-packages/tensorflow/python/framework/dtypes.py:518: FutureWarning: Passing (type, 1) or '1type' as a synonym of type is deprecated; in a future version of numpy, it will be understood as (type, (1,)) / '(1,)type'.
  _np_qint16 = np.dtype([("qint16", np.int16, 1)])
/usr/local/lib/python3.5/dist-packages/tensorflow/python/framework/dtypes.py:519: FutureWarning: Passing (type, 1) or '1type' as a synonym of type is deprecated; in a future version of numpy, it will be understood as (type, (1,)) / '(1,)type'.
  _np_quint16 = np.dtype([("quint16", np.uint16, 1)])
/usr/local/lib/python3.5/dist-packages/tensorflow/python/framework/dtypes.py:520: FutureWarning: Passing (type, 1) or '1type' as a synonym of type is deprecated; in a future version of numpy, it will be understood as (type, (1,)) / '(1,)type'.
  _np_qint32 = np.dtype([("qint32", np.int32, 1)])
/usr/local/lib/python3.5/dist-packages/tensorflow/python/framework/dtypes.py:525: FutureWarning: Passing (type, 1) or '1type' as a synonym of type is deprecated; in a future version of numpy, it will be understood as (type, (1,)) / '(1,)type'.
  np_resource = np.dtype([("resource", np.ubyte, 1)])
/usr/local/lib/python3.5/dist-packages/tensorboard/compat/tensorflow_stub/dtypes.py:541: FutureWarning: Passing (type, 1) or '1type' as a synonym of type is deprecated; in a future version of numpy, it will be understood as (type, (1,)) / '(1,)type'.
  _np_qint8 = np.dtype([("qint8", np.int8, 1)])
/usr/local/lib/python3.5/dist-packages/tensorboard/compat/tensorflow_stub/dtypes.py:542: FutureWarning: Passing (type, 1) or '1type' as a synonym of type is deprecated; in a future version of numpy, it will be understood as (type, (1,)) / '(1,)type'.
  _np_quint8 = np.dtype([("quint8", np.uint8, 1)])
/usr/local/lib/python3.5/dist-packages/tensorboard/compat/tensorflow_stub/dtypes.py:543: FutureWarning: Passing (type, 1) or '1type' as a synonym of type is deprecated; in a future version of numpy, it will be understood as (type, (1,)) / '(1,)type'.
  _np_qint16 = np.dtype([("qint16", np.int16, 1)])
/usr/local/lib/python3.5/dist-packages/tensorboard/compat/tensorflow_stub/dtypes.py:544: FutureWarning: Passing (type, 1) or '1type' as a synonym of type is deprecated; in a future version of numpy, it will be understood as (type, (1,)) / '(1,)type'.
  _np_quint16 = np.dtype([("quint16", np.uint16, 1)])
/usr/local/lib/python3.5/dist-packages/tensorboard/compat/tensorflow_stub/dtypes.py:545: FutureWarning: Passing (type, 1) or '1type' as a synonym of type is deprecated; in a future version of numpy, it will be understood as (type, (1,)) / '(1,)type'.
  _np_qint32 = np.dtype([("qint32", np.int32, 1)])
/usr/local/lib/python3.5/dist-packages/tensorboard/compat/tensorflow_stub/dtypes.py:550: FutureWarning: Passing (type, 1) or '1type' as a synonym of type is deprecated; in a future version of numpy, it will be understood as (type, (1,)) / '(1,)type'.
  np_resource = np.dtype([("resource", np.ubyte, 1)])
Using TensorFlow backend.
WARNING:tensorflow:From gan.py:11: The name tf.ConfigProto is deprecated. Please use tf.compat.v1.ConfigProto instead.

WARNING:tensorflow:From gan.py:13: The name tf.Session is deprecated. Please use tf.compat.v1.Session instead.

2020-06-26 10:06:07.026412: I tensorflow/core/platform/cpu_feature_guard.cc:142] Your CPU supports instructions that this TensorFlow binary was not compiled to use: AVX2 FMA
2020-06-26 10:06:07.034021: I tensorflow/stream_executor/platform/default/dso_loader.cc:42] Successfully opened dynamic library libcuda.so.1
2020-06-26 10:06:09.039960: I tensorflow/stream_executor/cuda/cuda_gpu_executor.cc:1005] successful NUMA node read from SysFS had negative value (-1), but there must be at least one NUMA node, so returning NUMA node zero
2020-06-26 10:06:09.040520: I tensorflow/compiler/xla/service/service.cc:168] XLA service 0x561f71a92fb0 executing computations on platform CUDA. Devices:
2020-06-26 10:06:09.040546: I tensorflow/compiler/xla/service/service.cc:175]   StreamExecutor device (0): Tesla K80, Compute Capability 3.7
2020-06-26 10:06:09.043439: I tensorflow/core/platform/profile_utils/cpu_utils.cc:94] CPU Frequency: 2200000000 Hz
2020-06-26 10:06:09.043690: I tensorflow/compiler/xla/service/service.cc:168] XLA service 0x561f71b03e80 executing computations on platform Host. Devices:
2020-06-26 10:06:09.043721: I tensorflow/compiler/xla/service/service.cc:175]   StreamExecutor device (0): <undefined>, <undefined>
2020-06-26 10:06:09.043897: I tensorflow/stream_executor/cuda/cuda_gpu_executor.cc:1005] successful NUMA node read from SysFS had negative value (-1), but there must be at least one NUMA node, so returning NUMA node zero
2020-06-26 10:06:09.044272: I tensorflow/core/common_runtime/gpu/gpu_device.cc:1640] Found device 0 with properties: 
name: Tesla K80 major: 3 minor: 7 memoryClockRate(GHz): 0.8235
pciBusID: 0000:00:04.0
2020-06-26 10:06:09.044653: I tensorflow/stream_executor/platform/default/dso_loader.cc:42] Successfully opened dynamic library libcudart.so.10.0
2020-06-26 10:06:09.046149: I tensorflow/stream_executor/platform/default/dso_loader.cc:42] Successfully opened dynamic library libcublas.so.10.0
2020-06-26 10:06:09.047919: I tensorflow/stream_executor/platform/default/dso_loader.cc:42] Successfully opened dynamic library libcufft.so.10.0
2020-06-26 10:06:09.048234: I tensorflow/stream_executor/platform/default/dso_loader.cc:42] Successfully opened dynamic library libcurand.so.10.0
2020-06-26 10:06:09.050193: I tensorflow/stream_executor/platform/default/dso_loader.cc:42] Successfully opened dynamic library libcusolver.so.10.0
2020-06-26 10:06:09.051688: I tensorflow/stream_executor/platform/default/dso_loader.cc:42] Successfully opened dynamic library libcusparse.so.10.0
2020-06-26 10:06:09.056596: I tensorflow/stream_executor/platform/default/dso_loader.cc:42] Successfully opened dynamic library libcudnn.so.7
2020-06-26 10:06:09.056683: I tensorflow/stream_executor/cuda/cuda_gpu_executor.cc:1005] successful NUMA node read from SysFS had negative value (-1), but there must be at least one NUMA node, so returning NUMA node zero
2020-06-26 10:06:09.057127: I tensorflow/stream_executor/cuda/cuda_gpu_executor.cc:1005] successful NUMA node read from SysFS had negative value (-1), but there must be at least one NUMA node, so returning NUMA node zero
2020-06-26 10:06:09.057480: I tensorflow/core/common_runtime/gpu/gpu_device.cc:1763] Adding visible gpu devices: 0
2020-06-26 10:06:09.057518: I tensorflow/stream_executor/platform/default/dso_loader.cc:42] Successfully opened dynamic library libcudart.so.10.0
2020-06-26 10:06:09.058368: I tensorflow/core/common_runtime/gpu/gpu_device.cc:1181] Device interconnect StreamExecutor with strength 1 edge matrix:
2020-06-26 10:06:09.058389: I tensorflow/core/common_runtime/gpu/gpu_device.cc:1187]      0 
2020-06-26 10:06:09.058397: I tensorflow/core/common_runtime/gpu/gpu_device.cc:1200] 0:   N 
2020-06-26 10:06:09.058661: I tensorflow/stream_executor/cuda/cuda_gpu_executor.cc:1005] successful NUMA node read from SysFS had negative value (-1), but there must be at least one NUMA node, so returning NUMA node zero
2020-06-26 10:06:09.059050: I tensorflow/stream_executor/cuda/cuda_gpu_executor.cc:1005] successful NUMA node read from SysFS had negative value (-1), but there must be at least one NUMA node, so returning NUMA node zero
2020-06-26 10:06:09.059551: I tensorflow/core/common_runtime/gpu/gpu_device.cc:1326] Created TensorFlow device (/job:localhost/replica:0/task:0/device:GPU:0 with 10802 MB memory) -> physical GPU (device: 0, name: Tesla K80, pci bus id: 0000:00:04.0, compute capability: 3.7)
WARNING:tensorflow:From /usr/local/lib/python3.5/dist-packages/keras/backend/tensorflow_backend.py:68: The name tf.get_default_graph is deprecated. Please use tf.compat.v1.get_default_graph instead.

WARNING:tensorflow:From /usr/local/lib/python3.5/dist-packages/keras/backend/tensorflow_backend.py:507: The name tf.placeholder is deprecated. Please use tf.compat.v1.placeholder instead.

WARNING:tensorflow:From /usr/local/lib/python3.5/dist-packages/keras/backend/tensorflow_backend.py:3831: The name tf.random_uniform is deprecated. Please use tf.random.uniform instead.

WARNING:tensorflow:From /usr/local/lib/python3.5/dist-packages/keras/backend/tensorflow_backend.py:3138: calling dropout (from tensorflow.python.ops.nn_ops) with keep_prob is deprecated and will be removed in a future version.
Instructions for updating:
Please use `rate` instead of `keep_prob`. Rate should be set to `rate = 1 - keep_prob`.
2020-06-26 10:06:09.146352: I tensorflow/stream_executor/cuda/cuda_gpu_executor.cc:1005] successful NUMA node read from SysFS had negative value (-1), but there must be at least one NUMA node, so returning NUMA node zero
2020-06-26 10:06:09.146784: I tensorflow/core/common_runtime/gpu/gpu_device.cc:1640] Found device 0 with properties: 
name: Tesla K80 major: 3 minor: 7 memoryClockRate(GHz): 0.8235
pciBusID: 0000:00:04.0
2020-06-26 10:06:09.146843: I tensorflow/stream_executor/platform/default/dso_loader.cc:42] Successfully opened dynamic library libcudart.so.10.0
2020-06-26 10:06:09.146876: I tensorflow/stream_executor/platform/default/dso_loader.cc:42] Successfully opened dynamic library libcublas.so.10.0
2020-06-26 10:06:09.146889: I tensorflow/stream_executor/platform/default/dso_loader.cc:42] Successfully opened dynamic library libcufft.so.10.0
2020-06-26 10:06:09.146900: I tensorflow/stream_executor/platform/default/dso_loader.cc:42] Successfully opened dynamic library libcurand.so.10.0
2020-06-26 10:06:09.146912: I tensorflow/stream_executor/platform/default/dso_loader.cc:42] Successfully opened dynamic library libcusolver.so.10.0
2020-06-26 10:06:09.146923: I tensorflow/stream_executor/platform/default/dso_loader.cc:42] Successfully opened dynamic library libcusparse.so.10.0
2020-06-26 10:06:09.146935: I tensorflow/stream_executor/platform/default/dso_loader.cc:42] Successfully opened dynamic library libcudnn.so.7
2020-06-26 10:06:09.146984: I tensorflow/stream_executor/cuda/cuda_gpu_executor.cc:1005] successful NUMA node read from SysFS had negative value (-1), but there must be at least one NUMA node, so returning NUMA node zero
2020-06-26 10:06:09.147419: I tensorflow/stream_executor/cuda/cuda_gpu_executor.cc:1005] successful NUMA node read from SysFS had negative value (-1), but there must be at least one NUMA node, so returning NUMA node zero
2020-06-26 10:06:09.147751: I tensorflow/core/common_runtime/gpu/gpu_device.cc:1763] Adding visible gpu devices: 0
2020-06-26 10:06:09.147777: I tensorflow/core/common_runtime/gpu/gpu_device.cc:1181] Device interconnect StreamExecutor with strength 1 edge matrix:
2020-06-26 10:06:09.147786: I tensorflow/core/common_runtime/gpu/gpu_device.cc:1187]      0 
2020-06-26 10:06:09.147793: I tensorflow/core/common_runtime/gpu/gpu_device.cc:1200] 0:   N 
2020-06-26 10:06:09.148066: I tensorflow/stream_executor/cuda/cuda_gpu_executor.cc:1005] successful NUMA node read from SysFS had negative value (-1), but there must be at least one NUMA node, so returning NUMA node zero
2020-06-26 10:06:09.148446: I tensorflow/stream_executor/cuda/cuda_gpu_executor.cc:1005] successful NUMA node read from SysFS had negative value (-1), but there must be at least one NUMA node, so returning NUMA node zero
2020-06-26 10:06:09.148866: I tensorflow/core/common_runtime/gpu/gpu_device.cc:1326] Created TensorFlow device (/job:localhost/replica:0/task:0/device:GPU:0 with 10802 MB memory) -> physical GPU (device: 0, name: Tesla K80, pci bus id: 0000:00:04.0, compute capability: 3.7)
WARNING:tensorflow:From /usr/local/lib/python3.5/dist-packages/keras/backend/tensorflow_backend.py:1797: The name tf.nn.fused_batch_norm is deprecated. Please use tf.compat.v1.nn.fused_batch_norm instead.

WARNING:tensorflow:From /usr/local/lib/python3.5/dist-packages/keras/optimizers.py:757: The name tf.train.Optimizer is deprecated. Please use tf.compat.v1.train.Optimizer instead.

WARNING:tensorflow:From /usr/local/lib/python3.5/dist-packages/tensorflow/python/ops/nn_impl.py:180: add_dispatch_support.<locals>.wrapper (from tensorflow.python.ops.array_ops) is deprecated and will be removed in a future version.
Instructions for updating:
Use tf.where in 2.0, which has the same broadcast rule as np.where
WARNING:tensorflow:From /usr/local/lib/python3.5/dist-packages/keras/backend/tensorflow_backend.py:1940: The name tf.image.resize_nearest_neighbor is deprecated. Please use tf.compat.v1.image.resize_nearest_neighbor instead.

_________________________________________________________________
Layer (type)                 Output Shape              Param #   
=================================================================
dense_2 (Dense)              (None, 4096)              413696    
_________________________________________________________________
reshape_1 (Reshape)          (None, 4, 4, 256)         0         
_________________________________________________________________
up_sampling2d_1 (UpSampling2 (None, 8, 8, 256)         0         
_________________________________________________________________
conv2d_6 (Conv2D)            (None, 8, 8, 256)         590080    
_________________________________________________________________
batch_normalization_5 (Batch (None, 8, 8, 256)         1024      
_________________________________________________________________
activation_1 (Activation)    (None, 8, 8, 256)         0         
_________________________________________________________________
up_sampling2d_2 (UpSampling2 (None, 16, 16, 256)       0         
_________________________________________________________________
conv2d_7 (Conv2D)            (None, 16, 16, 256)       590080    
_________________________________________________________________
batch_normalization_6 (Batch (None, 16, 16, 256)       1024      
_________________________________________________________________
activation_2 (Activation)    (None, 16, 16, 256)       0         
_________________________________________________________________
up_sampling2d_3 (UpSampling2 (None, 32, 32, 256)       0         
_________________________________________________________________
conv2d_8 (Conv2D)            (None, 32, 32, 256)       590080    
_________________________________________________________________
batch_normalization_7 (Batch (None, 32, 32, 256)       1024      
_________________________________________________________________
activation_3 (Activation)    (None, 32, 32, 256)       0         
_________________________________________________________________
up_sampling2d_4 (UpSampling2 (None, 64, 64, 256)       0         
_________________________________________________________________
conv2d_9 (Conv2D)            (None, 64, 64, 256)       590080    
_________________________________________________________________
batch_normalization_8 (Batch (None, 64, 64, 256)       1024      
_________________________________________________________________
activation_4 (Activation)    (None, 64, 64, 256)       0         
_________________________________________________________________
up_sampling2d_5 (UpSampling2 (None, 128, 128, 256)     0         
_________________________________________________________________
conv2d_10 (Conv2D)           (None, 128, 128, 256)     590080    
_________________________________________________________________
batch_normalization_9 (Batch (None, 128, 128, 256)     1024      
_________________________________________________________________
activation_5 (Activation)    (None, 128, 128, 256)     0         
=================================================================
Total params: 3,369,216
Trainable params: 3,366,656
Non-trainable params: 2,560
_________________________________________________________________
2020-06-26 10:06:15.574948: I tensorflow/stream_executor/platform/default/dso_loader.cc:42] Successfully opened dynamic library libcublas.so.10.0
2020-06-26 10:06:15.762223: I tensorflow/stream_executor/platform/default/dso_loader.cc:42] Successfully opened dynamic library libcudnn.so.7
/usr/local/lib/python3.5/dist-packages/keras/engine/training.py:973: UserWarning: Discrepancy between trainable weights and collected trainable weights, did you set `model.trainable` without calling `model.compile` after ?
  'Discrepancy between trainable weights and collected trainable'
/usr/local/lib/python3.5/dist-packages/keras/engine/training.py:973: UserWarning: Discrepancy between trainable weights and collected trainable weights, did you set `model.trainable` without calling `model.compile` after ?
  'Discrepancy between trainable weights and collected trainable'
epoch: 0
Generator loss: 0.06976816, Generator accuracy: 100.0
Discriminator loss: 4.2305765, Discriminator accuracy: 23.4375
-----------------------------------------------------------------

/usr/local/lib/python3.5/dist-packages/keras/engine/training.py:973: UserWarning: Discrepancy between trainable weights and collected trainable weights, did you set `model.trainable` without calling `model.compile` after ?
  'Discrepancy between trainable weights and collected trainable'
epoch: 100
Generator loss: 3.3413467, Generator accuracy: 12.5
Discriminator loss: 0.38684306, Discriminator accuracy: 85.9375
-----------------------------------------------------------------

epoch: 200
Generator loss: 12.651288, Generator accuracy: 0.0
Discriminator loss: 0.41502196, Discriminator accuracy: 90.625
-----------------------------------------------------------------

epoch: 300
Generator loss: 0.36345184, Generator accuracy: 87.5
Discriminator loss: 0.14024849, Discriminator accuracy: 96.875
-----------------------------------------------------------------

epoch: 400
Generator loss: 0.87473094, Generator accuracy: 68.75
Discriminator loss: 0.0052083116, Discriminator accuracy: 100.0
-----------------------------------------------------------------

epoch: 500
Generator loss: 1.4743536, Generator accuracy: 50.0
Discriminator loss: 0.12143743, Discriminator accuracy: 96.875
-----------------------------------------------------------------

epoch: 600
Generator loss: 5.1498957, Generator accuracy: 3.125
Discriminator loss: 1.7347127, Discriminator accuracy: 39.0625
-----------------------------------------------------------------

epoch: 700
Generator loss: 5.562005, Generator accuracy: 3.125
Discriminator loss: 0.81475866, Discriminator accuracy: 68.75
-----------------------------------------------------------------

epoch: 800
Generator loss: 1.9762241, Generator accuracy: 21.875
Discriminator loss: 0.38904443, Discriminator accuracy: 89.0625
-----------------------------------------------------------------

epoch: 900
Generator loss: 1.0350233, Generator accuracy: 59.375
Discriminator loss: 0.36419296, Discriminator accuracy: 89.0625
-----------------------------------------------------------------

epoch: 1000
Generator loss: 0.50228554, Generator accuracy: 75.0
Discriminator loss: 1.2329159, Discriminator accuracy: 56.25
-----------------------------------------------------------------

epoch: 1100
Generator loss: 1.2701348, Generator accuracy: 46.875
Discriminator loss: 0.7862059, Discriminator accuracy: 59.375
-----------------------------------------------------------------

epoch: 1200
Generator loss: 1.0300846, Generator accuracy: 46.875
Discriminator loss: 0.57820034, Discriminator accuracy: 78.125
-----------------------------------------------------------------

epoch: 1300
Generator loss: 1.274145, Generator accuracy: 46.875
Discriminator loss: 0.8544622, Discriminator accuracy: 59.375
-----------------------------------------------------------------

epoch: 1400
Generator loss: 1.554766, Generator accuracy: 28.125
Discriminator loss: 3.7584524, Discriminator accuracy: 4.6875
-----------------------------------------------------------------

epoch: 1500
Generator loss: 1.6280968, Generator accuracy: 34.375
Discriminator loss: 0.9021581, Discriminator accuracy: 57.8125
-----------------------------------------------------------------

epoch: 1600
Generator loss: 3.1839972, Generator accuracy: 6.25
Discriminator loss: 1.4836274, Discriminator accuracy: 32.8125
-----------------------------------------------------------------

epoch: 1700
Generator loss: 1.2014955, Generator accuracy: 18.75
Discriminator loss: 0.9302662, Discriminator accuracy: 53.125
-----------------------------------------------------------------

epoch: 1800
Generator loss: 2.146769, Generator accuracy: 9.375
Discriminator loss: 0.70416653, Discriminator accuracy: 62.5
-----------------------------------------------------------------

epoch: 1900
Generator loss: 2.6468174, Generator accuracy: 3.125
Discriminator loss: 0.8953158, Discriminator accuracy: 57.8125
-----------------------------------------------------------------

epoch: 2000
Generator loss: 1.1880856, Generator accuracy: 25.0
Discriminator loss: 1.5239613, Discriminator accuracy: 15.625
-----------------------------------------------------------------

epoch: 2100
Generator loss: 0.8815639, Generator accuracy: 59.375
Discriminator loss: 0.6668519, Discriminator accuracy: 56.25
-----------------------------------------------------------------

epoch: 2200
Generator loss: 0.88436997, Generator accuracy: 56.25
Discriminator loss: 0.5021523, Discriminator accuracy: 75.0
-----------------------------------------------------------------

epoch: 2300
Generator loss: 1.7013185, Generator accuracy: 6.25
Discriminator loss: 0.90800476, Discriminator accuracy: 51.5625
-----------------------------------------------------------------

epoch: 2400
Generator loss: 1.2143424, Generator accuracy: 21.875
Discriminator loss: 0.88924813, Discriminator accuracy: 43.75
-----------------------------------------------------------------

epoch: 2500
Generator loss: 1.2216284, Generator accuracy: 12.5
Discriminator loss: 0.7210562, Discriminator accuracy: 54.6875
-----------------------------------------------------------------

epoch: 2600
Generator loss: 1.7319872, Generator accuracy: 12.5
Discriminator loss: 0.7240882, Discriminator accuracy: 65.625
-----------------------------------------------------------------

epoch: 2700
Generator loss: 0.82001036, Generator accuracy: 46.875
Discriminator loss: 0.77593863, Discriminator accuracy: 62.5
-----------------------------------------------------------------

epoch: 2800
Generator loss: 1.2569196, Generator accuracy: 21.875
Discriminator loss: 0.6659883, Discriminator accuracy: 60.9375
-----------------------------------------------------------------

epoch: 2900
Generator loss: 1.9110885, Generator accuracy: 18.75
Discriminator loss: 1.5811613, Discriminator accuracy: 23.4375
-----------------------------------------------------------------

epoch: 3000
Generator loss: 1.6111939, Generator accuracy: 28.125
Discriminator loss: 0.63845503, Discriminator accuracy: 67.1875
-----------------------------------------------------------------

epoch: 3100
Generator loss: 0.7527068, Generator accuracy: 68.75
Discriminator loss: 0.5883122, Discriminator accuracy: 73.4375
-----------------------------------------------------------------

epoch: 3200
Generator loss: 2.5153952, Generator accuracy: 3.125
Discriminator loss: 1.1470712, Discriminator accuracy: 42.1875
-----------------------------------------------------------------

epoch: 3300
Generator loss: 1.1655778, Generator accuracy: 40.625
Discriminator loss: 0.548012, Discriminator accuracy: 79.6875
-----------------------------------------------------------------

epoch: 3400
Generator loss: 1.2731134, Generator accuracy: 21.875
Discriminator loss: 0.7117803, Discriminator accuracy: 60.9375
-----------------------------------------------------------------

epoch: 3500
Generator loss: 0.909448, Generator accuracy: 37.5
Discriminator loss: 0.699932, Discriminator accuracy: 73.4375
-----------------------------------------------------------------

epoch: 3600
Generator loss: 1.0044293, Generator accuracy: 18.75
Discriminator loss: 0.64809144, Discriminator accuracy: 68.75
-----------------------------------------------------------------

epoch: 3700
Generator loss: 1.060856, Generator accuracy: 34.375
Discriminator loss: 0.47464436, Discriminator accuracy: 82.8125
-----------------------------------------------------------------

epoch: 3800
Generator loss: 1.244274, Generator accuracy: 21.875
Discriminator loss: 0.71963, Discriminator accuracy: 67.1875
-----------------------------------------------------------------

epoch: 3900
Generator loss: 1.0472953, Generator accuracy: 34.375
Discriminator loss: 0.637758, Discriminator accuracy: 56.25
-----------------------------------------------------------------

epoch: 4000
Generator loss: 1.6801116, Generator accuracy: 6.25
Discriminator loss: 0.8479128, Discriminator accuracy: 48.4375
-----------------------------------------------------------------

epoch: 4100
Generator loss: 1.2719704, Generator accuracy: 28.125
Discriminator loss: 0.79740846, Discriminator accuracy: 59.375
-----------------------------------------------------------------

epoch: 4200
Generator loss: 1.0419044, Generator accuracy: 15.625
Discriminator loss: 0.60259277, Discriminator accuracy: 64.0625
-----------------------------------------------------------------

epoch: 4300
Generator loss: 1.3833745, Generator accuracy: 21.875
Discriminator loss: 0.25081, Discriminator accuracy: 90.625
-----------------------------------------------------------------

epoch: 4400
Generator loss: 1.1823144, Generator accuracy: 12.5
Discriminator loss: 0.5779017, Discriminator accuracy: 75.0
-----------------------------------------------------------------

epoch: 4500
Generator loss: 1.3821657, Generator accuracy: 28.125
Discriminator loss: 0.49962872, Discriminator accuracy: 71.875
-----------------------------------------------------------------

epoch: 4600
Generator loss: 1.3176217, Generator accuracy: 25.0
Discriminator loss: 1.0628781, Discriminator accuracy: 35.9375
-----------------------------------------------------------------

epoch: 4700
Generator loss: 1.1145587, Generator accuracy: 50.0
Discriminator loss: 0.6053288, Discriminator accuracy: 71.875
-----------------------------------------------------------------

epoch: 4800
Generator loss: 1.7403141, Generator accuracy: 0.0
Discriminator loss: 0.8277544, Discriminator accuracy: 62.5
-----------------------------------------------------------------

epoch: 4900
Generator loss: 0.92735314, Generator accuracy: 53.125
Discriminator loss: 0.4238084, Discriminator accuracy: 84.375
-----------------------------------------------------------------

epoch: 5000
Generator loss: 1.9763083, Generator accuracy: 3.125
Discriminator loss: 0.3424216, Discriminator accuracy: 87.5
-----------------------------------------------------------------

epoch: 5100
Generator loss: 1.458746, Generator accuracy: 15.625
Discriminator loss: 0.5295208, Discriminator accuracy: 71.875
-----------------------------------------------------------------

epoch: 5200
Generator loss: 2.2411747, Generator accuracy: 3.125
Discriminator loss: 0.44347116, Discriminator accuracy: 78.125
-----------------------------------------------------------------

epoch: 5300
Generator loss: 1.2166384, Generator accuracy: 28.125
Discriminator loss: 0.65809417, Discriminator accuracy: 82.8125
-----------------------------------------------------------------

epoch: 5400
Generator loss: 1.2245419, Generator accuracy: 25.0
Discriminator loss: 0.65681326, Discriminator accuracy: 67.1875
-----------------------------------------------------------------

epoch: 5500
Generator loss: 0.65911084, Generator accuracy: 68.75
Discriminator loss: 1.025153, Discriminator accuracy: 48.4375
-----------------------------------------------------------------

epoch: 5600
Generator loss: 1.8304898, Generator accuracy: 12.5
Discriminator loss: 0.58361536, Discriminator accuracy: 70.3125
-----------------------------------------------------------------

epoch: 5700
Generator loss: 2.1496475, Generator accuracy: 9.375
Discriminator loss: 0.4033482, Discriminator accuracy: 84.375
-----------------------------------------------------------------

epoch: 5800
Generator loss: 1.6715558, Generator accuracy: 6.25
Discriminator loss: 0.3870506, Discriminator accuracy: 84.375
-----------------------------------------------------------------

epoch: 5900
Generator loss: 1.67896, Generator accuracy: 9.375
Discriminator loss: 0.3429743, Discriminator accuracy: 82.8125
-----------------------------------------------------------------

epoch: 6000
Generator loss: 2.1373377, Generator accuracy: 6.25
Discriminator loss: 0.60284513, Discriminator accuracy: 81.25
-----------------------------------------------------------------

epoch: 6100
Generator loss: 1.4502673, Generator accuracy: 21.875
Discriminator loss: 1.0349371, Discriminator accuracy: 50.0
-----------------------------------------------------------------

epoch: 6200
Generator loss: 1.3421654, Generator accuracy: 37.5
Discriminator loss: 1.0961016, Discriminator accuracy: 32.8125
-----------------------------------------------------------------

epoch: 6300
Generator loss: 0.9185426, Generator accuracy: 40.625
Discriminator loss: 1.1784611, Discriminator accuracy: 40.625
-----------------------------------------------------------------

epoch: 6400
Generator loss: 1.204805, Generator accuracy: 25.0
Discriminator loss: 0.5134362, Discriminator accuracy: 70.3125
-----------------------------------------------------------------

epoch: 6500
Generator loss: 1.948061, Generator accuracy: 3.125
Discriminator loss: 0.49276322, Discriminator accuracy: 82.8125
-----------------------------------------------------------------

epoch: 6600
Generator loss: 1.6761602, Generator accuracy: 6.25
Discriminator loss: 0.55287886, Discriminator accuracy: 76.5625
-----------------------------------------------------------------

epoch: 6700
Generator loss: 1.2597208, Generator accuracy: 25.0
Discriminator loss: 0.7490912, Discriminator accuracy: 64.0625
-----------------------------------------------------------------

epoch: 6800
Generator loss: 1.3983301, Generator accuracy: 15.625
Discriminator loss: 0.6605344, Discriminator accuracy: 65.625
-----------------------------------------------------------------

epoch: 6900
Generator loss: 0.885105, Generator accuracy: 43.75
Discriminator loss: 0.7136264, Discriminator accuracy: 57.8125
-----------------------------------------------------------------

epoch: 7000
Generator loss: 1.6844628, Generator accuracy: 3.125
Discriminator loss: 0.80599177, Discriminator accuracy: 54.6875
-----------------------------------------------------------------

epoch: 7100
Generator loss: 0.71562564, Generator accuracy: 59.375
Discriminator loss: 0.7572255, Discriminator accuracy: 50.0
-----------------------------------------------------------------

epoch: 7200
Generator loss: 1.3506501, Generator accuracy: 9.375
Discriminator loss: 0.61038446, Discriminator accuracy: 64.0625
-----------------------------------------------------------------

epoch: 7300
Generator loss: 1.8062103, Generator accuracy: 18.75
Discriminator loss: 0.8880938, Discriminator accuracy: 46.875
-----------------------------------------------------------------

epoch: 7400
Generator loss: 1.1986336, Generator accuracy: 21.875
Discriminator loss: 0.9167162, Discriminator accuracy: 45.3125
-----------------------------------------------------------------

epoch: 7500
Generator loss: 1.0500205, Generator accuracy: 31.25
Discriminator loss: 1.2044952, Discriminator accuracy: 37.5
-----------------------------------------------------------------

epoch: 7600
Generator loss: 1.206452, Generator accuracy: 31.25
Discriminator loss: 0.5677024, Discriminator accuracy: 82.8125
-----------------------------------------------------------------

epoch: 7700
Generator loss: 1.9312024, Generator accuracy: 3.125
Discriminator loss: 0.39126396, Discriminator accuracy: 85.9375
-----------------------------------------------------------------

epoch: 7800
Generator loss: 1.2435579, Generator accuracy: 18.75
Discriminator loss: 0.6638073, Discriminator accuracy: 59.375
-----------------------------------------------------------------

epoch: 7900
Generator loss: 0.6689808, Generator accuracy: 59.375
Discriminator loss: 0.65121144, Discriminator accuracy: 62.5
-----------------------------------------------------------------

epoch: 8000
Generator loss: 1.0787663, Generator accuracy: 40.625
Discriminator loss: 0.70082486, Discriminator accuracy: 62.5
-----------------------------------------------------------------

epoch: 8100
Generator loss: 0.92772746, Generator accuracy: 34.375
Discriminator loss: 0.8730808, Discriminator accuracy: 51.5625
-----------------------------------------------------------------

epoch: 8200
Generator loss: 1.82845, Generator accuracy: 3.125
Discriminator loss: 0.8804196, Discriminator accuracy: 56.25
-----------------------------------------------------------------

epoch: 8300
Generator loss: 0.812944, Generator accuracy: 50.0
Discriminator loss: 0.26496887, Discriminator accuracy: 87.5
-----------------------------------------------------------------

epoch: 8400
Generator loss: 1.3038875, Generator accuracy: 18.75
Discriminator loss: 1.4631965, Discriminator accuracy: 28.125
-----------------------------------------------------------------

epoch: 8500
Generator loss: 0.70791817, Generator accuracy: 71.875
Discriminator loss: 0.4570371, Discriminator accuracy: 75.0
-----------------------------------------------------------------

epoch: 8600
Generator loss: 0.7673798, Generator accuracy: 56.25
Discriminator loss: 0.83178127, Discriminator accuracy: 56.25
-----------------------------------------------------------------

epoch: 8700
Generator loss: 1.2419418, Generator accuracy: 28.125
Discriminator loss: 0.47606915, Discriminator accuracy: 76.5625
-----------------------------------------------------------------

epoch: 8800
Generator loss: 1.1426404, Generator accuracy: 25.0
Discriminator loss: 0.78452265, Discriminator accuracy: 62.5
-----------------------------------------------------------------

epoch: 8900
Generator loss: 1.4496552, Generator accuracy: 15.625
Discriminator loss: 0.6573836, Discriminator accuracy: 62.5
-----------------------------------------------------------------

epoch: 9000
Generator loss: 0.98545754, Generator accuracy: 28.125
Discriminator loss: 1.1001318, Discriminator accuracy: 35.9375
-----------------------------------------------------------------

epoch: 9100
Generator loss: 1.221847, Generator accuracy: 34.375
Discriminator loss: 0.86055034, Discriminator accuracy: 43.75
-----------------------------------------------------------------

epoch: 9200
Generator loss: 0.8807789, Generator accuracy: 59.375
Discriminator loss: 0.42793903, Discriminator accuracy: 81.25
-----------------------------------------------------------------

epoch: 9300
Generator loss: 1.2357194, Generator accuracy: 34.375
Discriminator loss: 0.5009517, Discriminator accuracy: 82.8125
-----------------------------------------------------------------

epoch: 9400
Generator loss: 2.0975587, Generator accuracy: 0.0
Discriminator loss: 0.851515, Discriminator accuracy: 48.4375
-----------------------------------------------------------------

epoch: 9500
Generator loss: 1.177571, Generator accuracy: 31.25
Discriminator loss: 0.7204788, Discriminator accuracy: 62.5
-----------------------------------------------------------------

epoch: 9600
Generator loss: 1.0610306, Generator accuracy: 34.375
Discriminator loss: 0.6267462, Discriminator accuracy: 70.3125
-----------------------------------------------------------------

epoch: 9700
Generator loss: 0.71715957, Generator accuracy: 68.75
Discriminator loss: 0.30166915, Discriminator accuracy: 92.1875
-----------------------------------------------------------------

epoch: 9800
Generator loss: 1.2738957, Generator accuracy: 25.0
Discriminator loss: 0.951146, Discriminator accuracy: 65.625
-----------------------------------------------------------------

epoch: 9900
Generator loss: 1.2010877, Generator accuracy: 21.875
Discriminator loss: 0.7223158, Discriminator accuracy: 70.3125
-----------------------------------------------------------------

epoch: 10000
Generator loss: 0.744023, Generator accuracy: 65.625
Discriminator loss: 0.43490666, Discriminator accuracy: 85.9375
-----------------------------------------------------------------

epoch: 10100
Generator loss: 1.543963, Generator accuracy: 12.5
Discriminator loss: 0.8261268, Discriminator accuracy: 50.0
-----------------------------------------------------------------

epoch: 10200
Generator loss: 1.1415278, Generator accuracy: 43.75
Discriminator loss: 0.29841542, Discriminator accuracy: 92.1875
-----------------------------------------------------------------

epoch: 10300
Generator loss: 0.7429774, Generator accuracy: 59.375
Discriminator loss: 0.9483385, Discriminator accuracy: 60.9375
-----------------------------------------------------------------

epoch: 10400
Generator loss: 0.5822419, Generator accuracy: 71.875
Discriminator loss: 0.48634505, Discriminator accuracy: 79.6875
-----------------------------------------------------------------

epoch: 10500
Generator loss: 1.5352584, Generator accuracy: 3.125
Discriminator loss: 0.4863707, Discriminator accuracy: 73.4375
-----------------------------------------------------------------

epoch: 10600
Generator loss: 1.6376858, Generator accuracy: 15.625
Discriminator loss: 0.46823263, Discriminator accuracy: 82.8125
-----------------------------------------------------------------

epoch: 10700
Generator loss: 1.7106353, Generator accuracy: 37.5
Discriminator loss: 0.90323323, Discriminator accuracy: 50.0
-----------------------------------------------------------------

epoch: 10800
Generator loss: 1.2542715, Generator accuracy: 18.75
Discriminator loss: 0.9079305, Discriminator accuracy: 53.125
-----------------------------------------------------------------

epoch: 10900
Generator loss: 1.0865339, Generator accuracy: 31.25
Discriminator loss: 0.606302, Discriminator accuracy: 67.1875
-----------------------------------------------------------------

epoch: 11000
Generator loss: 0.96255225, Generator accuracy: 46.875
Discriminator loss: 1.2135199, Discriminator accuracy: 35.9375
-----------------------------------------------------------------

epoch: 11100
Generator loss: 1.6550925, Generator accuracy: 15.625
Discriminator loss: 0.8246432, Discriminator accuracy: 54.6875
-----------------------------------------------------------------

epoch: 11200
Generator loss: 0.76080465, Generator accuracy: 68.75
Discriminator loss: 1.2728976, Discriminator accuracy: 21.875
-----------------------------------------------------------------

epoch: 11300
Generator loss: 1.0272249, Generator accuracy: 46.875
Discriminator loss: 0.6967623, Discriminator accuracy: 60.9375
-----------------------------------------------------------------

epoch: 11400
Generator loss: 1.6834133, Generator accuracy: 12.5
Discriminator loss: 0.73890424, Discriminator accuracy: 59.375
-----------------------------------------------------------------

epoch: 11500
Generator loss: 1.4182966, Generator accuracy: 40.625
Discriminator loss: 0.92408997, Discriminator accuracy: 53.125
-----------------------------------------------------------------

epoch: 11600
Generator loss: 1.064198, Generator accuracy: 40.625
Discriminator loss: 0.7470387, Discriminator accuracy: 57.8125
-----------------------------------------------------------------

epoch: 11700
Generator loss: 0.839759, Generator accuracy: 50.0
Discriminator loss: 0.6351899, Discriminator accuracy: 71.875
-----------------------------------------------------------------

epoch: 11800
Generator loss: 1.2255466, Generator accuracy: 28.125
Discriminator loss: 0.7187219, Discriminator accuracy: 53.125
-----------------------------------------------------------------

epoch: 11900
Generator loss: 1.1857975, Generator accuracy: 28.125
Discriminator loss: 0.5818435, Discriminator accuracy: 81.25
-----------------------------------------------------------------

epoch: 12000
Generator loss: 1.2964106, Generator accuracy: 28.125
Discriminator loss: 0.6608261, Discriminator accuracy: 67.1875
-----------------------------------------------------------------

epoch: 12100
Generator loss: 1.3935227, Generator accuracy: 15.625
Discriminator loss: 0.5841719, Discriminator accuracy: 73.4375
-----------------------------------------------------------------

epoch: 12200
Generator loss: 1.1492575, Generator accuracy: 18.75
Discriminator loss: 0.53970075, Discriminator accuracy: 78.125
-----------------------------------------------------------------

epoch: 12300
Generator loss: 0.98375857, Generator accuracy: 34.375
Discriminator loss: 0.5612466, Discriminator accuracy: 71.875
-----------------------------------------------------------------

epoch: 12400
Generator loss: 1.3454471, Generator accuracy: 31.25
Discriminator loss: 0.44234774, Discriminator accuracy: 85.9375
-----------------------------------------------------------------

epoch: 12500
Generator loss: 1.3327671, Generator accuracy: 18.75
Discriminator loss: 0.53836256, Discriminator accuracy: 76.5625
-----------------------------------------------------------------

epoch: 12600
Generator loss: 1.0660233, Generator accuracy: 43.75
Discriminator loss: 1.0807527, Discriminator accuracy: 39.0625
-----------------------------------------------------------------

epoch: 12700
Generator loss: 1.3729174, Generator accuracy: 15.625
Discriminator loss: 0.9105225, Discriminator accuracy: 43.75
-----------------------------------------------------------------

epoch: 12800
Generator loss: 1.1369787, Generator accuracy: 28.125
Discriminator loss: 0.6329969, Discriminator accuracy: 75.0
-----------------------------------------------------------------

epoch: 12900
Generator loss: 1.2795677, Generator accuracy: 28.125
Discriminator loss: 0.7621134, Discriminator accuracy: 65.625
-----------------------------------------------------------------

epoch: 13000
Generator loss: 0.8644442, Generator accuracy: 31.25
Discriminator loss: 0.54259634, Discriminator accuracy: 81.25
-----------------------------------------------------------------

epoch: 13100
Generator loss: 1.3214829, Generator accuracy: 34.375
Discriminator loss: 0.7564228, Discriminator accuracy: 54.6875
-----------------------------------------------------------------

epoch: 13200
Generator loss: 1.1908636, Generator accuracy: 31.25
Discriminator loss: 0.35408387, Discriminator accuracy: 84.375
-----------------------------------------------------------------

epoch: 13300
Generator loss: 1.415741, Generator accuracy: 25.0
Discriminator loss: 0.61782646, Discriminator accuracy: 67.1875
-----------------------------------------------------------------

epoch: 13400
Generator loss: 0.98201084, Generator accuracy: 53.125
Discriminator loss: 0.93029237, Discriminator accuracy: 53.125
-----------------------------------------------------------------

epoch: 13500
Generator loss: 1.129379, Generator accuracy: 25.0
Discriminator loss: 0.7287758, Discriminator accuracy: 65.625
-----------------------------------------------------------------

epoch: 13600
Generator loss: 1.234883, Generator accuracy: 31.25
Discriminator loss: 0.6616688, Discriminator accuracy: 62.5
-----------------------------------------------------------------

epoch: 13700
Generator loss: 1.3633825, Generator accuracy: 3.125
Discriminator loss: 0.78770554, Discriminator accuracy: 70.3125
-----------------------------------------------------------------

epoch: 13800
Generator loss: 1.8357642, Generator accuracy: 18.75
Discriminator loss: 0.8771489, Discriminator accuracy: 46.875
-----------------------------------------------------------------

epoch: 13900
Generator loss: 1.1342921, Generator accuracy: 25.0
Discriminator loss: 0.62148446, Discriminator accuracy: 64.0625
-----------------------------------------------------------------

epoch: 14000
Generator loss: 1.1922815, Generator accuracy: 21.875
Discriminator loss: 0.7032182, Discriminator accuracy: 67.1875
-----------------------------------------------------------------

epoch: 14100
Generator loss: 1.1314235, Generator accuracy: 37.5
Discriminator loss: 0.51615906, Discriminator accuracy: 92.1875
-----------------------------------------------------------------

epoch: 14200
Generator loss: 1.7726605, Generator accuracy: 15.625
Discriminator loss: 0.49145538, Discriminator accuracy: 75.0
-----------------------------------------------------------------

epoch: 14300
Generator loss: 1.3165796, Generator accuracy: 15.625
Discriminator loss: 0.50738275, Discriminator accuracy: 76.5625
-----------------------------------------------------------------

epoch: 14400
Generator loss: 0.80256003, Generator accuracy: 50.0
Discriminator loss: 0.667194, Discriminator accuracy: 51.5625
-----------------------------------------------------------------

epoch: 14500
Generator loss: 1.299885, Generator accuracy: 31.25
Discriminator loss: 0.5232019, Discriminator accuracy: 75.0
-----------------------------------------------------------------

epoch: 14600
Generator loss: 1.4407858, Generator accuracy: 25.0
Discriminator loss: 0.68097425, Discriminator accuracy: 78.125
-----------------------------------------------------------------

epoch: 14700
Generator loss: 1.174415, Generator accuracy: 34.375
Discriminator loss: 0.7776342, Discriminator accuracy: 57.8125
-----------------------------------------------------------------

epoch: 14800
Generator loss: 0.8627971, Generator accuracy: 59.375
Discriminator loss: 0.59149635, Discriminator accuracy: 75.0
-----------------------------------------------------------------

epoch: 14900
Generator loss: 1.752012, Generator accuracy: 3.125
Discriminator loss: 0.5318625, Discriminator accuracy: 84.375
-----------------------------------------------------------------

epoch: 15000
Generator loss: 1.3936121, Generator accuracy: 40.625
Discriminator loss: 0.753497, Discriminator accuracy: 57.8125
-----------------------------------------------------------------

epoch: 15100
Generator loss: 1.5723395, Generator accuracy: 18.75
Discriminator loss: 0.7377847, Discriminator accuracy: 60.9375
-----------------------------------------------------------------

epoch: 15200
Generator loss: 1.1361089, Generator accuracy: 18.75
Discriminator loss: 0.4499148, Discriminator accuracy: 76.5625
-----------------------------------------------------------------

epoch: 15300
Generator loss: 1.5837327, Generator accuracy: 25.0
Discriminator loss: 0.63656855, Discriminator accuracy: 68.75
-----------------------------------------------------------------

epoch: 15400
Generator loss: 0.94277513, Generator accuracy: 59.375
Discriminator loss: 0.6418842, Discriminator accuracy: 75.0
-----------------------------------------------------------------

epoch: 15500
Generator loss: 1.0376127, Generator accuracy: 43.75
Discriminator loss: 0.5276287, Discriminator accuracy: 67.1875
-----------------------------------------------------------------

epoch: 15600
Generator loss: 1.2379212, Generator accuracy: 28.125
Discriminator loss: 0.89293826, Discriminator accuracy: 50.0
-----------------------------------------------------------------

epoch: 15700
Generator loss: 1.145877, Generator accuracy: 31.25
Discriminator loss: 0.6167667, Discriminator accuracy: 73.4375
-----------------------------------------------------------------

epoch: 15800
Generator loss: 1.6037476, Generator accuracy: 12.5
Discriminator loss: 0.4326409, Discriminator accuracy: 82.8125
-----------------------------------------------------------------

epoch: 15900
Generator loss: 1.03847, Generator accuracy: 34.375
Discriminator loss: 0.64088386, Discriminator accuracy: 56.25
-----------------------------------------------------------------

epoch: 16000
Generator loss: 1.4434154, Generator accuracy: 31.25
Discriminator loss: 0.6371414, Discriminator accuracy: 73.4375
-----------------------------------------------------------------

epoch: 16100
Generator loss: 1.7398784, Generator accuracy: 9.375
Discriminator loss: 0.6322415, Discriminator accuracy: 71.875
-----------------------------------------------------------------

epoch: 16200
Generator loss: 1.9306309, Generator accuracy: 15.625
Discriminator loss: 0.6808734, Discriminator accuracy: 71.875
-----------------------------------------------------------------

epoch: 16300
Generator loss: 1.3505388, Generator accuracy: 21.875
Discriminator loss: 0.8043897, Discriminator accuracy: 71.875
-----------------------------------------------------------------

epoch: 16400
Generator loss: 1.2692516, Generator accuracy: 18.75
Discriminator loss: 0.79498124, Discriminator accuracy: 57.8125
-----------------------------------------------------------------

epoch: 16500
Generator loss: 1.4442422, Generator accuracy: 28.125
Discriminator loss: 0.985662, Discriminator accuracy: 48.4375
-----------------------------------------------------------------

epoch: 16600
Generator loss: 1.1313351, Generator accuracy: 31.25
Discriminator loss: 0.5312581, Discriminator accuracy: 81.25
-----------------------------------------------------------------

epoch: 16700
Generator loss: 1.1634358, Generator accuracy: 25.0
Discriminator loss: 0.71357155, Discriminator accuracy: 76.5625
-----------------------------------------------------------------

epoch: 16800
Generator loss: 1.8385069, Generator accuracy: 6.25
Discriminator loss: 0.7116804, Discriminator accuracy: 60.9375
-----------------------------------------------------------------

epoch: 16900
Generator loss: 1.1448693, Generator accuracy: 25.0
Discriminator loss: 0.8786037, Discriminator accuracy: 50.0
-----------------------------------------------------------------

epoch: 17000
Generator loss: 1.4876156, Generator accuracy: 18.75
Discriminator loss: 0.5246789, Discriminator accuracy: 81.25
-----------------------------------------------------------------

epoch: 17100
Generator loss: 1.1958609, Generator accuracy: 56.25
Discriminator loss: 1.4440372, Discriminator accuracy: 25.0
-----------------------------------------------------------------

epoch: 17200
Generator loss: 1.8517952, Generator accuracy: 9.375
Discriminator loss: 0.5387216, Discriminator accuracy: 71.875
-----------------------------------------------------------------

epoch: 17300
Generator loss: 1.2319343, Generator accuracy: 50.0
Discriminator loss: 0.5754856, Discriminator accuracy: 75.0
-----------------------------------------------------------------

epoch: 17400
Generator loss: 1.236168, Generator accuracy: 21.875
Discriminator loss: 0.5865817, Discriminator accuracy: 71.875
-----------------------------------------------------------------

epoch: 17500
Generator loss: 1.4144839, Generator accuracy: 18.75
Discriminator loss: 0.7297978, Discriminator accuracy: 54.6875
-----------------------------------------------------------------

epoch: 17600
Generator loss: 1.6691782, Generator accuracy: 18.75
Discriminator loss: 0.7074405, Discriminator accuracy: 64.0625
-----------------------------------------------------------------

epoch: 17700
Generator loss: 1.1306217, Generator accuracy: 28.125
Discriminator loss: 0.80102336, Discriminator accuracy: 60.9375
-----------------------------------------------------------------

epoch: 17800
Generator loss: 1.5593548, Generator accuracy: 12.5
Discriminator loss: 0.65442103, Discriminator accuracy: 75.0
-----------------------------------------------------------------

epoch: 17900
Generator loss: 1.2104397, Generator accuracy: 34.375
Discriminator loss: 0.54318, Discriminator accuracy: 75.0
-----------------------------------------------------------------

epoch: 18000
Generator loss: 1.2045906, Generator accuracy: 18.75
Discriminator loss: 0.67146766, Discriminator accuracy: 65.625
-----------------------------------------------------------------

epoch: 18100
Generator loss: 1.1531266, Generator accuracy: 28.125
Discriminator loss: 0.6522608, Discriminator accuracy: 62.5
-----------------------------------------------------------------

epoch: 18200
Generator loss: 1.1544518, Generator accuracy: 28.125
Discriminator loss: 0.59193105, Discriminator accuracy: 64.0625
-----------------------------------------------------------------

epoch: 18300
Generator loss: 1.2341, Generator accuracy: 25.0
Discriminator loss: 0.9075874, Discriminator accuracy: 40.625
-----------------------------------------------------------------

epoch: 18400
Generator loss: 1.4708586, Generator accuracy: 21.875
Discriminator loss: 0.48309028, Discriminator accuracy: 79.6875
-----------------------------------------------------------------

epoch: 18500
Generator loss: 0.7613661, Generator accuracy: 62.5
Discriminator loss: 0.82705367, Discriminator accuracy: 53.125
-----------------------------------------------------------------

epoch: 18600
Generator loss: 1.2953777, Generator accuracy: 25.0
Discriminator loss: 0.49324417, Discriminator accuracy: 78.125
-----------------------------------------------------------------

epoch: 18700
Generator loss: 1.173442, Generator accuracy: 31.25
Discriminator loss: 0.52306104, Discriminator accuracy: 71.875
-----------------------------------------------------------------

epoch: 18800
Generator loss: 1.3184762, Generator accuracy: 12.5
Discriminator loss: 0.6667165, Discriminator accuracy: 64.0625
-----------------------------------------------------------------

epoch: 18900
Generator loss: 1.0905702, Generator accuracy: 46.875
Discriminator loss: 0.8630881, Discriminator accuracy: 46.875
-----------------------------------------------------------------

epoch: 19000
Generator loss: 0.96147114, Generator accuracy: 34.375
Discriminator loss: 1.1191778, Discriminator accuracy: 31.25
-----------------------------------------------------------------

epoch: 19100
Generator loss: 1.1399753, Generator accuracy: 43.75
Discriminator loss: 0.6641721, Discriminator accuracy: 67.1875
-----------------------------------------------------------------

epoch: 19200
Generator loss: 1.4875044, Generator accuracy: 18.75
Discriminator loss: 0.57541007, Discriminator accuracy: 68.75
-----------------------------------------------------------------

epoch: 19300
Generator loss: 1.1647706, Generator accuracy: 21.875
Discriminator loss: 0.6483036, Discriminator accuracy: 60.9375
-----------------------------------------------------------------

epoch: 19400
Generator loss: 1.7979541, Generator accuracy: 15.625
Discriminator loss: 0.52644926, Discriminator accuracy: 70.3125
-----------------------------------------------------------------

epoch: 19500
Generator loss: 1.24825, Generator accuracy: 21.875
Discriminator loss: 0.6102914, Discriminator accuracy: 70.3125
-----------------------------------------------------------------

epoch: 19600
Generator loss: 1.3938314, Generator accuracy: 21.875
Discriminator loss: 0.599829, Discriminator accuracy: 75.0
-----------------------------------------------------------------

epoch: 19700
Generator loss: 1.3697022, Generator accuracy: 21.875
Discriminator loss: 0.8075046, Discriminator accuracy: 59.375
-----------------------------------------------------------------

epoch: 19800
Generator loss: 1.3420343, Generator accuracy: 31.25
Discriminator loss: 0.6116767, Discriminator accuracy: 67.1875
-----------------------------------------------------------------

epoch: 19900
Generator loss: 1.3788676, Generator accuracy: 46.875
Discriminator loss: 0.4744125, Discriminator accuracy: 78.125
-----------------------------------------------------------------

epoch: 20000
Generator loss: 1.6392142, Generator accuracy: 9.375
Discriminator loss: 0.7620639, Discriminator accuracy: 62.5
-----------------------------------------------------------------

epoch: 20100
Generator loss: 1.3116251, Generator accuracy: 25.0
Discriminator loss: 0.64927864, Discriminator accuracy: 73.4375
-----------------------------------------------------------------

epoch: 20200
Generator loss: 1.7431275, Generator accuracy: 12.5
Discriminator loss: 0.5866458, Discriminator accuracy: 71.875
-----------------------------------------------------------------

epoch: 20300
Generator loss: 1.3548865, Generator accuracy: 21.875
Discriminator loss: 0.89257115, Discriminator accuracy: 43.75
-----------------------------------------------------------------

epoch: 20400
Generator loss: 1.4008479, Generator accuracy: 12.5
Discriminator loss: 0.5988714, Discriminator accuracy: 71.875
-----------------------------------------------------------------

epoch: 20500
Generator loss: 1.4559894, Generator accuracy: 31.25
Discriminator loss: 0.56505775, Discriminator accuracy: 78.125
-----------------------------------------------------------------

epoch: 20600
Generator loss: 1.3920243, Generator accuracy: 18.75
Discriminator loss: 0.8070183, Discriminator accuracy: 51.5625
-----------------------------------------------------------------

epoch: 20700
Generator loss: 1.1182098, Generator accuracy: 31.25
Discriminator loss: 0.6772417, Discriminator accuracy: 70.3125
-----------------------------------------------------------------

epoch: 20800
Generator loss: 1.3383636, Generator accuracy: 18.75
Discriminator loss: 0.5967127, Discriminator accuracy: 62.5
-----------------------------------------------------------------

epoch: 20900
Generator loss: 1.3397467, Generator accuracy: 21.875
Discriminator loss: 0.6823492, Discriminator accuracy: 62.5
-----------------------------------------------------------------

epoch: 21000
Generator loss: 1.2149962, Generator accuracy: 28.125
Discriminator loss: 0.7044231, Discriminator accuracy: 67.1875
-----------------------------------------------------------------

epoch: 21100
Generator loss: 1.242557, Generator accuracy: 34.375
Discriminator loss: 0.77206725, Discriminator accuracy: 57.8125
-----------------------------------------------------------------

epoch: 21200
Generator loss: 1.2778405, Generator accuracy: 21.875
Discriminator loss: 0.82308745, Discriminator accuracy: 56.25
-----------------------------------------------------------------

epoch: 21300
Generator loss: 1.591059, Generator accuracy: 18.75
Discriminator loss: 0.7368169, Discriminator accuracy: 57.8125
-----------------------------------------------------------------

epoch: 21400
Generator loss: 1.0624315, Generator accuracy: 28.125
Discriminator loss: 0.6763495, Discriminator accuracy: 67.1875
-----------------------------------------------------------------

epoch: 21500
Generator loss: 1.7732298, Generator accuracy: 9.375
Discriminator loss: 0.6005367, Discriminator accuracy: 76.5625
-----------------------------------------------------------------

epoch: 21600
Generator loss: 0.88435036, Generator accuracy: 40.625
Discriminator loss: 0.83813596, Discriminator accuracy: 48.4375
-----------------------------------------------------------------

epoch: 21700
Generator loss: 1.1481168, Generator accuracy: 34.375
Discriminator loss: 0.4062394, Discriminator accuracy: 89.0625
-----------------------------------------------------------------

epoch: 21800
Generator loss: 1.1915796, Generator accuracy: 21.875
Discriminator loss: 0.65990806, Discriminator accuracy: 70.3125
-----------------------------------------------------------------

epoch: 21900
Generator loss: 1.1778805, Generator accuracy: 43.75
Discriminator loss: 0.60765666, Discriminator accuracy: 79.6875
-----------------------------------------------------------------

epoch: 22000
Generator loss: 1.5868784, Generator accuracy: 21.875
Discriminator loss: 0.691822, Discriminator accuracy: 68.75
-----------------------------------------------------------------

epoch: 22100
Generator loss: 1.5417854, Generator accuracy: 31.25
Discriminator loss: 0.50512815, Discriminator accuracy: 78.125
-----------------------------------------------------------------

epoch: 22200
Generator loss: 1.418791, Generator accuracy: 34.375
Discriminator loss: 0.6204746, Discriminator accuracy: 65.625
-----------------------------------------------------------------

epoch: 22300
Generator loss: 1.5322785, Generator accuracy: 12.5
Discriminator loss: 0.70674187, Discriminator accuracy: 78.125
-----------------------------------------------------------------

epoch: 22400
Generator loss: 1.1966798, Generator accuracy: 34.375
Discriminator loss: 0.60633934, Discriminator accuracy: 68.75
-----------------------------------------------------------------

epoch: 22500
Generator loss: 1.256163, Generator accuracy: 28.125
Discriminator loss: 0.61913335, Discriminator accuracy: 59.375
-----------------------------------------------------------------

epoch: 22600
Generator loss: 1.338225, Generator accuracy: 28.125
Discriminator loss: 0.68888015, Discriminator accuracy: 51.5625
-----------------------------------------------------------------

epoch: 22700
Generator loss: 1.6972132, Generator accuracy: 21.875
Discriminator loss: 0.70562494, Discriminator accuracy: 60.9375
-----------------------------------------------------------------

epoch: 22800
Generator loss: 1.541452, Generator accuracy: 18.75
Discriminator loss: 0.49881864, Discriminator accuracy: 68.75
-----------------------------------------------------------------

epoch: 22900
Generator loss: 1.6396072, Generator accuracy: 15.625
Discriminator loss: 0.7799342, Discriminator accuracy: 67.1875
-----------------------------------------------------------------

epoch: 23000
Generator loss: 1.4264369, Generator accuracy: 25.0
Discriminator loss: 0.42080325, Discriminator accuracy: 79.6875
-----------------------------------------------------------------

epoch: 23100
Generator loss: 2.18576, Generator accuracy: 3.125
Discriminator loss: 0.41780713, Discriminator accuracy: 81.25
-----------------------------------------------------------------

epoch: 23200
Generator loss: 1.6136172, Generator accuracy: 9.375
Discriminator loss: 0.55520415, Discriminator accuracy: 75.0
-----------------------------------------------------------------

epoch: 23300
Generator loss: 1.220314, Generator accuracy: 34.375
Discriminator loss: 0.5973855, Discriminator accuracy: 79.6875
-----------------------------------------------------------------

epoch: 23400
Generator loss: 1.7015376, Generator accuracy: 21.875
Discriminator loss: 0.6926229, Discriminator accuracy: 59.375
-----------------------------------------------------------------

epoch: 23500
Generator loss: 1.143893, Generator accuracy: 31.25
Discriminator loss: 0.6132319, Discriminator accuracy: 82.8125
-----------------------------------------------------------------

epoch: 23600
Generator loss: 1.8173938, Generator accuracy: 18.75
Discriminator loss: 0.6495862, Discriminator accuracy: 71.875
-----------------------------------------------------------------

epoch: 23700
Generator loss: 1.3247224, Generator accuracy: 18.75
Discriminator loss: 0.6639674, Discriminator accuracy: 76.5625
-----------------------------------------------------------------

epoch: 23800
Generator loss: 1.2317833, Generator accuracy: 37.5
Discriminator loss: 0.76493704, Discriminator accuracy: 53.125
-----------------------------------------------------------------

epoch: 23900
Generator loss: 1.6829743, Generator accuracy: 25.0
Discriminator loss: 0.5488934, Discriminator accuracy: 71.875
-----------------------------------------------------------------

epoch: 24000
Generator loss: 1.1004692, Generator accuracy: 28.125
Discriminator loss: 0.58949304, Discriminator accuracy: 71.875
-----------------------------------------------------------------

epoch: 24100
Generator loss: 1.4295363, Generator accuracy: 31.25
Discriminator loss: 0.91762424, Discriminator accuracy: 53.125
-----------------------------------------------------------------

epoch: 24200
Generator loss: 1.6889294, Generator accuracy: 18.75
Discriminator loss: 0.7319337, Discriminator accuracy: 57.8125
-----------------------------------------------------------------

epoch: 24300
Generator loss: 1.2303472, Generator accuracy: 34.375
Discriminator loss: 0.5376687, Discriminator accuracy: 73.4375
-----------------------------------------------------------------

epoch: 24400
Generator loss: 1.3450234, Generator accuracy: 28.125
Discriminator loss: 0.5941983, Discriminator accuracy: 71.875
-----------------------------------------------------------------

epoch: 24500
Generator loss: 1.2850935, Generator accuracy: 21.875
Discriminator loss: 0.8645977, Discriminator accuracy: 51.5625
-----------------------------------------------------------------

epoch: 24600
Generator loss: 1.639157, Generator accuracy: 9.375
Discriminator loss: 0.7747055, Discriminator accuracy: 59.375
-----------------------------------------------------------------

epoch: 24700
Generator loss: 1.5818565, Generator accuracy: 28.125
Discriminator loss: 0.54501325, Discriminator accuracy: 68.75
-----------------------------------------------------------------

epoch: 24800
Generator loss: 1.9237849, Generator accuracy: 12.5
Discriminator loss: 0.82249963, Discriminator accuracy: 65.625
-----------------------------------------------------------------

epoch: 24900
Generator loss: 1.4180944, Generator accuracy: 25.0
Discriminator loss: 0.7839775, Discriminator accuracy: 64.0625
-----------------------------------------------------------------

epoch: 25000
Generator loss: 1.3538003, Generator accuracy: 18.75
Discriminator loss: 0.587919, Discriminator accuracy: 68.75
-----------------------------------------------------------------

epoch: 25100
Generator loss: 1.6450713, Generator accuracy: 28.125
Discriminator loss: 0.6502365, Discriminator accuracy: 59.375
-----------------------------------------------------------------

epoch: 25200
Generator loss: 1.9842466, Generator accuracy: 15.625
Discriminator loss: 0.7115376, Discriminator accuracy: 65.625
-----------------------------------------------------------------

epoch: 25300
Generator loss: 1.1961495, Generator accuracy: 21.875
Discriminator loss: 0.923012, Discriminator accuracy: 51.5625
-----------------------------------------------------------------

epoch: 25400
Generator loss: 1.803839, Generator accuracy: 9.375
Discriminator loss: 0.81358063, Discriminator accuracy: 57.8125
-----------------------------------------------------------------

epoch: 25500
Generator loss: 1.4725289, Generator accuracy: 25.0
Discriminator loss: 0.41590852, Discriminator accuracy: 85.9375
-----------------------------------------------------------------

epoch: 25600
Generator loss: 1.7437136, Generator accuracy: 12.5
Discriminator loss: 0.71554375, Discriminator accuracy: 54.6875
-----------------------------------------------------------------

epoch: 25700
Generator loss: 1.3375063, Generator accuracy: 28.125
Discriminator loss: 0.37465578, Discriminator accuracy: 89.0625
-----------------------------------------------------------------

epoch: 25800
Generator loss: 1.3506154, Generator accuracy: 34.375
Discriminator loss: 0.47137693, Discriminator accuracy: 81.25
-----------------------------------------------------------------

epoch: 25900
Generator loss: 1.4941609, Generator accuracy: 34.375
Discriminator loss: 0.97654134, Discriminator accuracy: 35.9375
-----------------------------------------------------------------

epoch: 26000
Generator loss: 1.4310217, Generator accuracy: 21.875
Discriminator loss: 0.5547778, Discriminator accuracy: 73.4375
-----------------------------------------------------------------

epoch: 26100
Generator loss: 1.6489887, Generator accuracy: 15.625
Discriminator loss: 0.6783836, Discriminator accuracy: 73.4375
-----------------------------------------------------------------

epoch: 26200
Generator loss: 2.2378178, Generator accuracy: 6.25
Discriminator loss: 0.5035615, Discriminator accuracy: 75.0
-----------------------------------------------------------------

epoch: 26300
Generator loss: 1.529958, Generator accuracy: 15.625
Discriminator loss: 0.85874295, Discriminator accuracy: 56.25
-----------------------------------------------------------------

epoch: 26400
Generator loss: 1.8700247, Generator accuracy: 25.0
Discriminator loss: 0.5408475, Discriminator accuracy: 73.4375
-----------------------------------------------------------------

epoch: 26500
Generator loss: 1.5286679, Generator accuracy: 21.875
Discriminator loss: 0.51188487, Discriminator accuracy: 79.6875
-----------------------------------------------------------------

epoch: 26600
Generator loss: 2.123177, Generator accuracy: 6.25
Discriminator loss: 0.5046557, Discriminator accuracy: 82.8125
-----------------------------------------------------------------

epoch: 26700
Generator loss: 1.7127573, Generator accuracy: 18.75
Discriminator loss: 0.45810574, Discriminator accuracy: 79.6875
-----------------------------------------------------------------

epoch: 26800
Generator loss: 1.7769454, Generator accuracy: 25.0
Discriminator loss: 0.70075375, Discriminator accuracy: 67.1875
-----------------------------------------------------------------

epoch: 26900
Generator loss: 1.5896777, Generator accuracy: 21.875
Discriminator loss: 0.43936983, Discriminator accuracy: 85.9375
-----------------------------------------------------------------

epoch: 27000
Generator loss: 1.789021, Generator accuracy: 6.25
Discriminator loss: 0.5225344, Discriminator accuracy: 78.125
-----------------------------------------------------------------

epoch: 27100
Generator loss: 1.5990766, Generator accuracy: 12.5
Discriminator loss: 0.6029422, Discriminator accuracy: 78.125
-----------------------------------------------------------------

epoch: 27200
Generator loss: 1.3090118, Generator accuracy: 21.875
Discriminator loss: 0.29558548, Discriminator accuracy: 87.5
-----------------------------------------------------------------

epoch: 27300
Generator loss: 1.7472293, Generator accuracy: 12.5
Discriminator loss: 0.5206467, Discriminator accuracy: 82.8125
-----------------------------------------------------------------

epoch: 27400
Generator loss: 1.2261968, Generator accuracy: 28.125
Discriminator loss: 0.71170086, Discriminator accuracy: 60.9375
-----------------------------------------------------------------

epoch: 27500
Generator loss: 1.4785004, Generator accuracy: 25.0
Discriminator loss: 0.5831022, Discriminator accuracy: 71.875
-----------------------------------------------------------------

epoch: 27600
Generator loss: 1.4640328, Generator accuracy: 12.5
Discriminator loss: 0.5733292, Discriminator accuracy: 78.125
-----------------------------------------------------------------

epoch: 27700
Generator loss: 1.5437893, Generator accuracy: 34.375
Discriminator loss: 0.85494083, Discriminator accuracy: 60.9375
-----------------------------------------------------------------

epoch: 27800
Generator loss: 1.6061862, Generator accuracy: 15.625
Discriminator loss: 0.3816401, Discriminator accuracy: 84.375
-----------------------------------------------------------------

epoch: 27900
Generator loss: 1.8060343, Generator accuracy: 12.5
Discriminator loss: 0.34095934, Discriminator accuracy: 90.625
-----------------------------------------------------------------

epoch: 28000
Generator loss: 1.7299904, Generator accuracy: 9.375
Discriminator loss: 0.6946081, Discriminator accuracy: 67.1875
-----------------------------------------------------------------

epoch: 28100
Generator loss: 1.6744468, Generator accuracy: 15.625
Discriminator loss: 0.51418567, Discriminator accuracy: 78.125
-----------------------------------------------------------------

epoch: 28200
Generator loss: 1.5838099, Generator accuracy: 18.75
Discriminator loss: 0.742557, Discriminator accuracy: 62.5
-----------------------------------------------------------------

epoch: 28300
Generator loss: 1.6973186, Generator accuracy: 18.75
Discriminator loss: 0.48422074, Discriminator accuracy: 78.125
-----------------------------------------------------------------

epoch: 28400
Generator loss: 1.4319817, Generator accuracy: 18.75
Discriminator loss: 0.63609934, Discriminator accuracy: 78.125
-----------------------------------------------------------------

epoch: 28500
Generator loss: 1.8733193, Generator accuracy: 12.5
Discriminator loss: 0.52056646, Discriminator accuracy: 75.0
-----------------------------------------------------------------

epoch: 28600
Generator loss: 1.5156024, Generator accuracy: 12.5
Discriminator loss: 0.77557766, Discriminator accuracy: 62.5
-----------------------------------------------------------------

epoch: 28700
Generator loss: 1.48867, Generator accuracy: 34.375
Discriminator loss: 0.51377845, Discriminator accuracy: 76.5625
-----------------------------------------------------------------

epoch: 28800
Generator loss: 1.1068888, Generator accuracy: 28.125
Discriminator loss: 0.76487213, Discriminator accuracy: 68.75
-----------------------------------------------------------------

epoch: 28900
Generator loss: 2.6474795, Generator accuracy: 3.125
Discriminator loss: 0.3238392, Discriminator accuracy: 89.0625
-----------------------------------------------------------------

epoch: 29000
Generator loss: 1.3248545, Generator accuracy: 37.5
Discriminator loss: 0.7141638, Discriminator accuracy: 65.625
-----------------------------------------------------------------

epoch: 29100
Generator loss: 1.5380487, Generator accuracy: 25.0
Discriminator loss: 0.3618707, Discriminator accuracy: 89.0625
-----------------------------------------------------------------

epoch: 29200
Generator loss: 2.059302, Generator accuracy: 21.875
Discriminator loss: 0.64053977, Discriminator accuracy: 70.3125
-----------------------------------------------------------------

