/usr/local/lib/python3.5/dist-packages/tensorflow/python/framework/dtypes.py:516: FutureWarning: Passing (type, 1) or '1type' as a synonym of type is deprecated; in a future version of numpy, it will be understood as (type, (1,)) / '(1,)type'.
  _np_qint8 = np.dtype([("qint8", np.int8, 1)])
/usr/local/lib/python3.5/dist-packages/tensorflow/python/framework/dtypes.py:517: FutureWarning: Passing (type, 1) or '1type' as a synonym of type is deprecated; in a future version of numpy, it will be understood as (type, (1,)) / '(1,)type'.
  _np_quint8 = np.dtype([("quint8", np.uint8, 1)])
/usr/local/lib/python3.5/dist-packages/tensorflow/python/framework/dtypes.py:518: FutureWarning: Passing (type, 1) or '1type' as a synonym of type is deprecated; in a future version of numpy, it will be understood as (type, (1,)) / '(1,)type'.
  _np_qint16 = np.dtype([("qint16", np.int16, 1)])
/usr/local/lib/python3.5/dist-packages/tensorflow/python/framework/dtypes.py:519: FutureWarning: Passing (type, 1) or '1type' as a synonym of type is deprecated; in a future version of numpy, it will be understood as (type, (1,)) / '(1,)type'.
  _np_quint16 = np.dtype([("quint16", np.uint16, 1)])
/usr/local/lib/python3.5/dist-packages/tensorflow/python/framework/dtypes.py:520: FutureWarning: Passing (type, 1) or '1type' as a synonym of type is deprecated; in a future version of numpy, it will be understood as (type, (1,)) / '(1,)type'.
  _np_qint32 = np.dtype([("qint32", np.int32, 1)])
/usr/local/lib/python3.5/dist-packages/tensorflow/python/framework/dtypes.py:525: FutureWarning: Passing (type, 1) or '1type' as a synonym of type is deprecated; in a future version of numpy, it will be understood as (type, (1,)) / '(1,)type'.
  np_resource = np.dtype([("resource", np.ubyte, 1)])
/usr/local/lib/python3.5/dist-packages/tensorboard/compat/tensorflow_stub/dtypes.py:541: FutureWarning: Passing (type, 1) or '1type' as a synonym of type is deprecated; in a future version of numpy, it will be understood as (type, (1,)) / '(1,)type'.
  _np_qint8 = np.dtype([("qint8", np.int8, 1)])
/usr/local/lib/python3.5/dist-packages/tensorboard/compat/tensorflow_stub/dtypes.py:542: FutureWarning: Passing (type, 1) or '1type' as a synonym of type is deprecated; in a future version of numpy, it will be understood as (type, (1,)) / '(1,)type'.
  _np_quint8 = np.dtype([("quint8", np.uint8, 1)])
/usr/local/lib/python3.5/dist-packages/tensorboard/compat/tensorflow_stub/dtypes.py:543: FutureWarning: Passing (type, 1) or '1type' as a synonym of type is deprecated; in a future version of numpy, it will be understood as (type, (1,)) / '(1,)type'.
  _np_qint16 = np.dtype([("qint16", np.int16, 1)])
/usr/local/lib/python3.5/dist-packages/tensorboard/compat/tensorflow_stub/dtypes.py:544: FutureWarning: Passing (type, 1) or '1type' as a synonym of type is deprecated; in a future version of numpy, it will be understood as (type, (1,)) / '(1,)type'.
  _np_quint16 = np.dtype([("quint16", np.uint16, 1)])
/usr/local/lib/python3.5/dist-packages/tensorboard/compat/tensorflow_stub/dtypes.py:545: FutureWarning: Passing (type, 1) or '1type' as a synonym of type is deprecated; in a future version of numpy, it will be understood as (type, (1,)) / '(1,)type'.
  _np_qint32 = np.dtype([("qint32", np.int32, 1)])
/usr/local/lib/python3.5/dist-packages/tensorboard/compat/tensorflow_stub/dtypes.py:550: FutureWarning: Passing (type, 1) or '1type' as a synonym of type is deprecated; in a future version of numpy, it will be understood as (type, (1,)) / '(1,)type'.
  np_resource = np.dtype([("resource", np.ubyte, 1)])
Using TensorFlow backend.
WARNING:tensorflow:From gan.py:11: The name tf.ConfigProto is deprecated. Please use tf.compat.v1.ConfigProto instead.

WARNING:tensorflow:From gan.py:13: The name tf.Session is deprecated. Please use tf.compat.v1.Session instead.

2020-06-26 19:40:30.897814: I tensorflow/core/platform/cpu_feature_guard.cc:142] Your CPU supports instructions that this TensorFlow binary was not compiled to use: AVX2 FMA
2020-06-26 19:40:30.904727: I tensorflow/stream_executor/platform/default/dso_loader.cc:42] Successfully opened dynamic library libcuda.so.1
2020-06-26 19:40:32.913345: I tensorflow/stream_executor/cuda/cuda_gpu_executor.cc:1005] successful NUMA node read from SysFS had negative value (-1), but there must be at least one NUMA node, so returning NUMA node zero
2020-06-26 19:40:32.913972: I tensorflow/compiler/xla/service/service.cc:168] XLA service 0x55f85e3bf720 executing computations on platform CUDA. Devices:
2020-06-26 19:40:32.913996: I tensorflow/compiler/xla/service/service.cc:175]   StreamExecutor device (0): Tesla K80, Compute Capability 3.7
2020-06-26 19:40:32.917569: I tensorflow/core/platform/profile_utils/cpu_utils.cc:94] CPU Frequency: 2200000000 Hz
2020-06-26 19:40:32.917836: I tensorflow/compiler/xla/service/service.cc:168] XLA service 0x55f85e430600 executing computations on platform Host. Devices:
2020-06-26 19:40:32.917862: I tensorflow/compiler/xla/service/service.cc:175]   StreamExecutor device (0): <undefined>, <undefined>
2020-06-26 19:40:32.918122: I tensorflow/stream_executor/cuda/cuda_gpu_executor.cc:1005] successful NUMA node read from SysFS had negative value (-1), but there must be at least one NUMA node, so returning NUMA node zero
2020-06-26 19:40:32.918649: I tensorflow/core/common_runtime/gpu/gpu_device.cc:1640] Found device 0 with properties: 
name: Tesla K80 major: 3 minor: 7 memoryClockRate(GHz): 0.8235
pciBusID: 0000:00:04.0
2020-06-26 19:40:32.919043: I tensorflow/stream_executor/platform/default/dso_loader.cc:42] Successfully opened dynamic library libcudart.so.10.0
2020-06-26 19:40:32.925973: I tensorflow/stream_executor/platform/default/dso_loader.cc:42] Successfully opened dynamic library libcublas.so.10.0
2020-06-26 19:40:32.929632: I tensorflow/stream_executor/platform/default/dso_loader.cc:42] Successfully opened dynamic library libcufft.so.10.0
2020-06-26 19:40:32.936180: I tensorflow/stream_executor/platform/default/dso_loader.cc:42] Successfully opened dynamic library libcurand.so.10.0
2020-06-26 19:40:32.942390: I tensorflow/stream_executor/platform/default/dso_loader.cc:42] Successfully opened dynamic library libcusolver.so.10.0
2020-06-26 19:40:32.947959: I tensorflow/stream_executor/platform/default/dso_loader.cc:42] Successfully opened dynamic library libcusparse.so.10.0
2020-06-26 19:40:32.959628: I tensorflow/stream_executor/platform/default/dso_loader.cc:42] Successfully opened dynamic library libcudnn.so.7
2020-06-26 19:40:32.959717: I tensorflow/stream_executor/cuda/cuda_gpu_executor.cc:1005] successful NUMA node read from SysFS had negative value (-1), but there must be at least one NUMA node, so returning NUMA node zero
2020-06-26 19:40:32.960108: I tensorflow/stream_executor/cuda/cuda_gpu_executor.cc:1005] successful NUMA node read from SysFS had negative value (-1), but there must be at least one NUMA node, so returning NUMA node zero
2020-06-26 19:40:32.960464: I tensorflow/core/common_runtime/gpu/gpu_device.cc:1763] Adding visible gpu devices: 0
2020-06-26 19:40:32.960503: I tensorflow/stream_executor/platform/default/dso_loader.cc:42] Successfully opened dynamic library libcudart.so.10.0
2020-06-26 19:40:32.961333: I tensorflow/core/common_runtime/gpu/gpu_device.cc:1181] Device interconnect StreamExecutor with strength 1 edge matrix:
2020-06-26 19:40:32.961353: I tensorflow/core/common_runtime/gpu/gpu_device.cc:1187]      0 
2020-06-26 19:40:32.961361: I tensorflow/core/common_runtime/gpu/gpu_device.cc:1200] 0:   N 
2020-06-26 19:40:32.961634: I tensorflow/stream_executor/cuda/cuda_gpu_executor.cc:1005] successful NUMA node read from SysFS had negative value (-1), but there must be at least one NUMA node, so returning NUMA node zero
2020-06-26 19:40:32.962010: I tensorflow/stream_executor/cuda/cuda_gpu_executor.cc:1005] successful NUMA node read from SysFS had negative value (-1), but there must be at least one NUMA node, so returning NUMA node zero
2020-06-26 19:40:32.962386: I tensorflow/core/common_runtime/gpu/gpu_device.cc:1326] Created TensorFlow device (/job:localhost/replica:0/task:0/device:GPU:0 with 10802 MB memory) -> physical GPU (device: 0, name: Tesla K80, pci bus id: 0000:00:04.0, compute capability: 3.7)
WARNING:tensorflow:From /usr/local/lib/python3.5/dist-packages/keras/backend/tensorflow_backend.py:507: The name tf.placeholder is deprecated. Please use tf.compat.v1.placeholder instead.

WARNING:tensorflow:From /usr/local/lib/python3.5/dist-packages/keras/backend/tensorflow_backend.py:68: The name tf.get_default_graph is deprecated. Please use tf.compat.v1.get_default_graph instead.

WARNING:tensorflow:From /usr/local/lib/python3.5/dist-packages/keras/backend/tensorflow_backend.py:3831: The name tf.random_uniform is deprecated. Please use tf.random.uniform instead.

WARNING:tensorflow:From /usr/local/lib/python3.5/dist-packages/keras/backend/tensorflow_backend.py:3138: calling dropout (from tensorflow.python.ops.nn_ops) with keep_prob is deprecated and will be removed in a future version.
Instructions for updating:
Please use `rate` instead of `keep_prob`. Rate should be set to `rate = 1 - keep_prob`.
2020-06-26 19:40:33.049027: I tensorflow/stream_executor/cuda/cuda_gpu_executor.cc:1005] successful NUMA node read from SysFS had negative value (-1), but there must be at least one NUMA node, so returning NUMA node zero
2020-06-26 19:40:33.049407: I tensorflow/core/common_runtime/gpu/gpu_device.cc:1640] Found device 0 with properties: 
name: Tesla K80 major: 3 minor: 7 memoryClockRate(GHz): 0.8235
pciBusID: 0000:00:04.0
2020-06-26 19:40:33.049436: I tensorflow/stream_executor/platform/default/dso_loader.cc:42] Successfully opened dynamic library libcudart.so.10.0
2020-06-26 19:40:33.049450: I tensorflow/stream_executor/platform/default/dso_loader.cc:42] Successfully opened dynamic library libcublas.so.10.0
2020-06-26 19:40:33.049461: I tensorflow/stream_executor/platform/default/dso_loader.cc:42] Successfully opened dynamic library libcufft.so.10.0
2020-06-26 19:40:33.049471: I tensorflow/stream_executor/platform/default/dso_loader.cc:42] Successfully opened dynamic library libcurand.so.10.0
2020-06-26 19:40:33.049481: I tensorflow/stream_executor/platform/default/dso_loader.cc:42] Successfully opened dynamic library libcusolver.so.10.0
2020-06-26 19:40:33.049492: I tensorflow/stream_executor/platform/default/dso_loader.cc:42] Successfully opened dynamic library libcusparse.so.10.0
2020-06-26 19:40:33.049502: I tensorflow/stream_executor/platform/default/dso_loader.cc:42] Successfully opened dynamic library libcudnn.so.7
2020-06-26 19:40:33.049547: I tensorflow/stream_executor/cuda/cuda_gpu_executor.cc:1005] successful NUMA node read from SysFS had negative value (-1), but there must be at least one NUMA node, so returning NUMA node zero
2020-06-26 19:40:33.050071: I tensorflow/stream_executor/cuda/cuda_gpu_executor.cc:1005] successful NUMA node read from SysFS had negative value (-1), but there must be at least one NUMA node, so returning NUMA node zero
2020-06-26 19:40:33.050491: I tensorflow/core/common_runtime/gpu/gpu_device.cc:1763] Adding visible gpu devices: 0
2020-06-26 19:40:33.050515: I tensorflow/core/common_runtime/gpu/gpu_device.cc:1181] Device interconnect StreamExecutor with strength 1 edge matrix:
2020-06-26 19:40:33.050523: I tensorflow/core/common_runtime/gpu/gpu_device.cc:1187]      0 
2020-06-26 19:40:33.050530: I tensorflow/core/common_runtime/gpu/gpu_device.cc:1200] 0:   N 
2020-06-26 19:40:33.050784: I tensorflow/stream_executor/cuda/cuda_gpu_executor.cc:1005] successful NUMA node read from SysFS had negative value (-1), but there must be at least one NUMA node, so returning NUMA node zero
2020-06-26 19:40:33.051224: I tensorflow/stream_executor/cuda/cuda_gpu_executor.cc:1005] successful NUMA node read from SysFS had negative value (-1), but there must be at least one NUMA node, so returning NUMA node zero
2020-06-26 19:40:33.051635: I tensorflow/core/common_runtime/gpu/gpu_device.cc:1326] Created TensorFlow device (/job:localhost/replica:0/task:0/device:GPU:0 with 10802 MB memory) -> physical GPU (device: 0, name: Tesla K80, pci bus id: 0000:00:04.0, compute capability: 3.7)
WARNING:tensorflow:From /usr/local/lib/python3.5/dist-packages/keras/backend/tensorflow_backend.py:1797: The name tf.nn.fused_batch_norm is deprecated. Please use tf.compat.v1.nn.fused_batch_norm instead.

WARNING:tensorflow:From /usr/local/lib/python3.5/dist-packages/keras/optimizers.py:757: The name tf.train.Optimizer is deprecated. Please use tf.compat.v1.train.Optimizer instead.

WARNING:tensorflow:From /usr/local/lib/python3.5/dist-packages/tensorflow/python/ops/nn_impl.py:180: add_dispatch_support.<locals>.wrapper (from tensorflow.python.ops.array_ops) is deprecated and will be removed in a future version.
Instructions for updating:
Use tf.where in 2.0, which has the same broadcast rule as np.where
/usr/local/lib/python3.5/dist-packages/keras/models.py:291: UserWarning: Error in loading the saved optimizer state. As a result, your model is starting with a freshly initialized optimizer.
  warnings.warn('Error in loading the saved optimizer '
WARNING:tensorflow:From /usr/local/lib/python3.5/dist-packages/keras/backend/tensorflow_backend.py:1940: The name tf.image.resize_nearest_neighbor is deprecated. Please use tf.compat.v1.image.resize_nearest_neighbor instead.

/usr/local/lib/python3.5/dist-packages/keras/models.py:255: UserWarning: No training configuration found in save file: the model was *not* compiled. Compile it manually.
  warnings.warn('No training configuration found in save file: '
2020-06-26 19:41:24.644623: I tensorflow/stream_executor/platform/default/dso_loader.cc:42] Successfully opened dynamic library libcublas.so.10.0
2020-06-26 19:41:24.828460: I tensorflow/stream_executor/platform/default/dso_loader.cc:42] Successfully opened dynamic library libcudnn.so.7
/usr/local/lib/python3.5/dist-packages/keras/engine/training.py:973: UserWarning: Discrepancy between trainable weights and collected trainable weights, did you set `model.trainable` without calling `model.compile` after ?
  'Discrepancy between trainable weights and collected trainable'
/usr/local/lib/python3.5/dist-packages/keras/engine/training.py:973: UserWarning: Discrepancy between trainable weights and collected trainable weights, did you set `model.trainable` without calling `model.compile` after ?
  'Discrepancy between trainable weights and collected trainable'
epoch: 0
Generator loss: 1.071739, Generator accuracy: 46.875
Discriminator loss: 0.7611479, Discriminator accuracy: 56.25
-----------------------------------------------------------------

/usr/local/lib/python3.5/dist-packages/keras/engine/training.py:973: UserWarning: Discrepancy between trainable weights and collected trainable weights, did you set `model.trainable` without calling `model.compile` after ?
  'Discrepancy between trainable weights and collected trainable'
epoch: 100
Generator loss: 2.0795207, Generator accuracy: 6.25
Discriminator loss: 0.6852752, Discriminator accuracy: 67.1875
-----------------------------------------------------------------

epoch: 200
Generator loss: 1.8704834, Generator accuracy: 12.5
Discriminator loss: 0.578272, Discriminator accuracy: 70.3125
-----------------------------------------------------------------

epoch: 300
Generator loss: 1.9690301, Generator accuracy: 12.5
Discriminator loss: 0.41129613, Discriminator accuracy: 82.8125
-----------------------------------------------------------------

epoch: 400
Generator loss: 2.3562417, Generator accuracy: 9.375
Discriminator loss: 0.37932798, Discriminator accuracy: 84.375
-----------------------------------------------------------------

epoch: 500
Generator loss: 1.4346888, Generator accuracy: 25.0
Discriminator loss: 0.62765, Discriminator accuracy: 65.625
-----------------------------------------------------------------

epoch: 600
Generator loss: 1.8737065, Generator accuracy: 15.625
Discriminator loss: 0.35266855, Discriminator accuracy: 84.375
-----------------------------------------------------------------

epoch: 700
Generator loss: 2.494874, Generator accuracy: 12.5
Discriminator loss: 0.38864902, Discriminator accuracy: 82.8125
-----------------------------------------------------------------

epoch: 800
Generator loss: 1.6477964, Generator accuracy: 18.75
Discriminator loss: 0.45269412, Discriminator accuracy: 75.0
-----------------------------------------------------------------

epoch: 900
Generator loss: 2.0544744, Generator accuracy: 15.625
Discriminator loss: 0.5610517, Discriminator accuracy: 79.6875
-----------------------------------------------------------------

epoch: 1000
Generator loss: 2.0051115, Generator accuracy: 15.625
Discriminator loss: 0.6046771, Discriminator accuracy: 70.3125
-----------------------------------------------------------------

epoch: 1100
Generator loss: 1.687933, Generator accuracy: 21.875
Discriminator loss: 0.699363, Discriminator accuracy: 73.4375
-----------------------------------------------------------------

epoch: 1200
Generator loss: 1.6342638, Generator accuracy: 18.75
Discriminator loss: 0.76663554, Discriminator accuracy: 46.875
-----------------------------------------------------------------

epoch: 1300
Generator loss: 1.899173, Generator accuracy: 9.375
Discriminator loss: 0.36645275, Discriminator accuracy: 84.375
-----------------------------------------------------------------

epoch: 1400
Generator loss: 1.4163997, Generator accuracy: 18.75
Discriminator loss: 0.55840933, Discriminator accuracy: 71.875
-----------------------------------------------------------------

epoch: 1500
Generator loss: 1.9208084, Generator accuracy: 15.625
Discriminator loss: 0.42461628, Discriminator accuracy: 85.9375
-----------------------------------------------------------------

epoch: 1600
Generator loss: 1.5639011, Generator accuracy: 31.25
Discriminator loss: 0.7624472, Discriminator accuracy: 56.25
-----------------------------------------------------------------

epoch: 1700
Generator loss: 1.7100196, Generator accuracy: 18.75
Discriminator loss: 0.55102116, Discriminator accuracy: 71.875
-----------------------------------------------------------------

epoch: 1800
Generator loss: 2.2780657, Generator accuracy: 21.875
Discriminator loss: 0.48501343, Discriminator accuracy: 81.25
-----------------------------------------------------------------

epoch: 1900
Generator loss: 1.4145963, Generator accuracy: 21.875
Discriminator loss: 0.71622765, Discriminator accuracy: 70.3125
-----------------------------------------------------------------

epoch: 2000
Generator loss: 1.7309768, Generator accuracy: 6.25
Discriminator loss: 0.48208994, Discriminator accuracy: 73.4375
-----------------------------------------------------------------

epoch: 2100
Generator loss: 1.7581993, Generator accuracy: 18.75
Discriminator loss: 0.51931846, Discriminator accuracy: 70.3125
-----------------------------------------------------------------

epoch: 2200
Generator loss: 0.86296344, Generator accuracy: 56.25
Discriminator loss: 1.339751, Discriminator accuracy: 51.5625
-----------------------------------------------------------------

epoch: 2300
Generator loss: 1.6368248, Generator accuracy: 37.5
Discriminator loss: 0.589157, Discriminator accuracy: 76.5625
-----------------------------------------------------------------

epoch: 2400
Generator loss: 1.68262, Generator accuracy: 31.25
Discriminator loss: 0.4284668, Discriminator accuracy: 79.6875
-----------------------------------------------------------------

epoch: 2500
Generator loss: 1.7021405, Generator accuracy: 25.0
Discriminator loss: 0.62624454, Discriminator accuracy: 75.0
-----------------------------------------------------------------

epoch: 2600
Generator loss: 1.9873445, Generator accuracy: 21.875
Discriminator loss: 0.5795623, Discriminator accuracy: 76.5625
-----------------------------------------------------------------

epoch: 2700
Generator loss: 2.135381, Generator accuracy: 6.25
Discriminator loss: 0.46245405, Discriminator accuracy: 76.5625
-----------------------------------------------------------------

epoch: 2800
Generator loss: 1.6077385, Generator accuracy: 25.0
Discriminator loss: 0.5514566, Discriminator accuracy: 70.3125
-----------------------------------------------------------------

epoch: 2900
Generator loss: 1.6743795, Generator accuracy: 12.5
Discriminator loss: 0.6780502, Discriminator accuracy: 64.0625
-----------------------------------------------------------------

epoch: 3000
Generator loss: 1.7268157, Generator accuracy: 21.875
Discriminator loss: 0.48653418, Discriminator accuracy: 67.1875
-----------------------------------------------------------------

epoch: 3100
Generator loss: 1.7214075, Generator accuracy: 25.0
Discriminator loss: 0.70263094, Discriminator accuracy: 64.0625
-----------------------------------------------------------------

epoch: 3200
Generator loss: 1.644023, Generator accuracy: 37.5
Discriminator loss: 0.5561075, Discriminator accuracy: 78.125
-----------------------------------------------------------------

epoch: 3300
Generator loss: 1.7643166, Generator accuracy: 21.875
Discriminator loss: 0.7477293, Discriminator accuracy: 62.5
-----------------------------------------------------------------

epoch: 3400
Generator loss: 1.4668386, Generator accuracy: 34.375
Discriminator loss: 0.7472807, Discriminator accuracy: 56.25
-----------------------------------------------------------------

epoch: 3500
Generator loss: 1.6145934, Generator accuracy: 28.125
Discriminator loss: 0.76344293, Discriminator accuracy: 65.625
-----------------------------------------------------------------

epoch: 3600
Generator loss: 1.3958085, Generator accuracy: 28.125
Discriminator loss: 0.4647175, Discriminator accuracy: 76.5625
-----------------------------------------------------------------

epoch: 3700
Generator loss: 1.654666, Generator accuracy: 12.5
Discriminator loss: 0.6198102, Discriminator accuracy: 76.5625
-----------------------------------------------------------------

epoch: 3800
Generator loss: 1.5680854, Generator accuracy: 25.0
Discriminator loss: 0.70460737, Discriminator accuracy: 64.0625
-----------------------------------------------------------------

epoch: 3900
Generator loss: 1.561939, Generator accuracy: 25.0
Discriminator loss: 0.67481446, Discriminator accuracy: 67.1875
-----------------------------------------------------------------

epoch: 4000
Generator loss: 1.5521778, Generator accuracy: 31.25
Discriminator loss: 0.6283395, Discriminator accuracy: 70.3125
-----------------------------------------------------------------

epoch: 4100
Generator loss: 1.9348187, Generator accuracy: 18.75
Discriminator loss: 0.70137715, Discriminator accuracy: 64.0625
-----------------------------------------------------------------

epoch: 4200
Generator loss: 1.6543938, Generator accuracy: 9.375
Discriminator loss: 0.6875148, Discriminator accuracy: 65.625
-----------------------------------------------------------------

epoch: 4300
Generator loss: 1.6734138, Generator accuracy: 15.625
Discriminator loss: 0.3745745, Discriminator accuracy: 81.25
-----------------------------------------------------------------

epoch: 4400
Generator loss: 2.1061816, Generator accuracy: 12.5
Discriminator loss: 0.6140321, Discriminator accuracy: 78.125
-----------------------------------------------------------------

epoch: 4500
Generator loss: 1.5603194, Generator accuracy: 18.75
Discriminator loss: 0.8592318, Discriminator accuracy: 53.125
-----------------------------------------------------------------

epoch: 4600
Generator loss: 1.5630103, Generator accuracy: 28.125
Discriminator loss: 0.46403465, Discriminator accuracy: 75.0
-----------------------------------------------------------------

epoch: 4700
Generator loss: 1.8383298, Generator accuracy: 9.375
Discriminator loss: 0.32754374, Discriminator accuracy: 84.375
-----------------------------------------------------------------

epoch: 4800
Generator loss: 2.11511, Generator accuracy: 15.625
Discriminator loss: 0.37733576, Discriminator accuracy: 81.25
-----------------------------------------------------------------

epoch: 4900
Generator loss: 1.8321015, Generator accuracy: 15.625
Discriminator loss: 0.45918092, Discriminator accuracy: 81.25
-----------------------------------------------------------------

epoch: 5000
Generator loss: 1.6252441, Generator accuracy: 15.625
Discriminator loss: 0.6986224, Discriminator accuracy: 62.5
-----------------------------------------------------------------

epoch: 5100
Generator loss: 1.6675396, Generator accuracy: 12.5
Discriminator loss: 0.35987502, Discriminator accuracy: 82.8125
-----------------------------------------------------------------

epoch: 5200
Generator loss: 2.434198, Generator accuracy: 6.25
Discriminator loss: 0.60668, Discriminator accuracy: 76.5625
-----------------------------------------------------------------

epoch: 5300
Generator loss: 1.4352934, Generator accuracy: 25.0
Discriminator loss: 0.40813607, Discriminator accuracy: 78.125
-----------------------------------------------------------------

epoch: 5400
Generator loss: 1.4577343, Generator accuracy: 28.125
Discriminator loss: 0.7011815, Discriminator accuracy: 60.9375
-----------------------------------------------------------------

epoch: 5500
Generator loss: 1.551081, Generator accuracy: 15.625
Discriminator loss: 0.54603726, Discriminator accuracy: 75.0
-----------------------------------------------------------------

epoch: 5600
Generator loss: 1.4503927, Generator accuracy: 12.5
Discriminator loss: 0.64778, Discriminator accuracy: 73.4375
-----------------------------------------------------------------

epoch: 5700
Generator loss: 1.8113288, Generator accuracy: 34.375
Discriminator loss: 0.5535135, Discriminator accuracy: 73.4375
-----------------------------------------------------------------

epoch: 5800
Generator loss: 2.149599, Generator accuracy: 6.25
Discriminator loss: 0.39701623, Discriminator accuracy: 84.375
-----------------------------------------------------------------

epoch: 5900
Generator loss: 1.9359019, Generator accuracy: 18.75
Discriminator loss: 0.40404472, Discriminator accuracy: 79.6875
-----------------------------------------------------------------

epoch: 6000
Generator loss: 1.8079232, Generator accuracy: 21.875
Discriminator loss: 0.54568803, Discriminator accuracy: 73.4375
-----------------------------------------------------------------

epoch: 6100
Generator loss: 2.777581, Generator accuracy: 9.375
Discriminator loss: 0.42735016, Discriminator accuracy: 84.375
-----------------------------------------------------------------

epoch: 6200
Generator loss: 1.822828, Generator accuracy: 9.375
Discriminator loss: 0.6215906, Discriminator accuracy: 73.4375
-----------------------------------------------------------------

epoch: 6300
Generator loss: 2.1553068, Generator accuracy: 15.625
Discriminator loss: 0.8735709, Discriminator accuracy: 59.375
-----------------------------------------------------------------

epoch: 6400
Generator loss: 1.7146103, Generator accuracy: 25.0
Discriminator loss: 0.39645654, Discriminator accuracy: 87.5
-----------------------------------------------------------------

epoch: 6500
Generator loss: 1.9488895, Generator accuracy: 15.625
Discriminator loss: 0.8009728, Discriminator accuracy: 59.375
-----------------------------------------------------------------

epoch: 6600
Generator loss: 1.7342274, Generator accuracy: 40.625
Discriminator loss: 1.1020286, Discriminator accuracy: 64.0625
-----------------------------------------------------------------

epoch: 6700
Generator loss: 2.2750344, Generator accuracy: 3.125
Discriminator loss: 0.296165, Discriminator accuracy: 85.9375
-----------------------------------------------------------------

epoch: 6800
Generator loss: 2.0962172, Generator accuracy: 15.625
Discriminator loss: 0.85134995, Discriminator accuracy: 56.25
-----------------------------------------------------------------

epoch: 6900
Generator loss: 1.9712346, Generator accuracy: 6.25
Discriminator loss: 0.6856742, Discriminator accuracy: 60.9375
-----------------------------------------------------------------

epoch: 7000
Generator loss: 1.8901212, Generator accuracy: 12.5
Discriminator loss: 0.65913427, Discriminator accuracy: 64.0625
-----------------------------------------------------------------

epoch: 7100
Generator loss: 1.9438086, Generator accuracy: 25.0
Discriminator loss: 0.52217984, Discriminator accuracy: 73.4375
-----------------------------------------------------------------

epoch: 7200
Generator loss: 1.5735162, Generator accuracy: 28.125
Discriminator loss: 0.50752914, Discriminator accuracy: 76.5625
-----------------------------------------------------------------

epoch: 7300
Generator loss: 2.1855965, Generator accuracy: 3.125
Discriminator loss: 0.59829, Discriminator accuracy: 67.1875
-----------------------------------------------------------------

epoch: 7400
Generator loss: 1.4925278, Generator accuracy: 34.375
Discriminator loss: 0.8946929, Discriminator accuracy: 54.6875
-----------------------------------------------------------------

epoch: 7500
Generator loss: 1.7810771, Generator accuracy: 28.125
Discriminator loss: 0.45259094, Discriminator accuracy: 76.5625
-----------------------------------------------------------------

epoch: 7600
Generator loss: 2.1224918, Generator accuracy: 9.375
Discriminator loss: 0.6201217, Discriminator accuracy: 78.125
-----------------------------------------------------------------

epoch: 7700
Generator loss: 1.2935612, Generator accuracy: 21.875
Discriminator loss: 0.72271836, Discriminator accuracy: 60.9375
-----------------------------------------------------------------

epoch: 7800
Generator loss: 2.1347916, Generator accuracy: 9.375
Discriminator loss: 0.6412693, Discriminator accuracy: 68.75
-----------------------------------------------------------------

epoch: 7900
Generator loss: 1.5252765, Generator accuracy: 15.625
Discriminator loss: 0.33742905, Discriminator accuracy: 84.375
-----------------------------------------------------------------

epoch: 8000
Generator loss: 2.6154423, Generator accuracy: 3.125
Discriminator loss: 0.44548148, Discriminator accuracy: 79.6875
-----------------------------------------------------------------

epoch: 8100
Generator loss: 2.2254524, Generator accuracy: 15.625
Discriminator loss: 0.5579527, Discriminator accuracy: 76.5625
-----------------------------------------------------------------

epoch: 8200
Generator loss: 1.3993204, Generator accuracy: 25.0
Discriminator loss: 0.72942233, Discriminator accuracy: 68.75
-----------------------------------------------------------------

epoch: 8300
Generator loss: 2.1768703, Generator accuracy: 12.5
Discriminator loss: 0.6811881, Discriminator accuracy: 65.625
-----------------------------------------------------------------

epoch: 8400
Generator loss: 1.9945039, Generator accuracy: 15.625
Discriminator loss: 0.2967391, Discriminator accuracy: 90.625
-----------------------------------------------------------------

epoch: 8500
Generator loss: 1.9300302, Generator accuracy: 28.125
Discriminator loss: 0.38575745, Discriminator accuracy: 81.25
-----------------------------------------------------------------

epoch: 8600
Generator loss: 1.596066, Generator accuracy: 25.0
Discriminator loss: 0.60249615, Discriminator accuracy: 67.1875
-----------------------------------------------------------------

epoch: 8700
Generator loss: 1.6839312, Generator accuracy: 15.625
Discriminator loss: 0.587631, Discriminator accuracy: 76.5625
-----------------------------------------------------------------

epoch: 8800
Generator loss: 2.1314366, Generator accuracy: 12.5
Discriminator loss: 0.6806474, Discriminator accuracy: 64.0625
-----------------------------------------------------------------

epoch: 8900
Generator loss: 1.5488641, Generator accuracy: 28.125
Discriminator loss: 0.7722521, Discriminator accuracy: 67.1875
-----------------------------------------------------------------

epoch: 9000
Generator loss: 2.5456314, Generator accuracy: 6.25
Discriminator loss: 0.36463046, Discriminator accuracy: 81.25
-----------------------------------------------------------------

epoch: 9100
Generator loss: 2.3649392, Generator accuracy: 9.375
Discriminator loss: 0.57650644, Discriminator accuracy: 71.875
-----------------------------------------------------------------

epoch: 9200
Generator loss: 2.015154, Generator accuracy: 9.375
Discriminator loss: 0.58584523, Discriminator accuracy: 75.0
-----------------------------------------------------------------

epoch: 9300
Generator loss: 1.7376301, Generator accuracy: 18.75
Discriminator loss: 0.4997616, Discriminator accuracy: 76.5625
-----------------------------------------------------------------

epoch: 9400
Generator loss: 2.0737796, Generator accuracy: 12.5
Discriminator loss: 0.6769836, Discriminator accuracy: 68.75
-----------------------------------------------------------------

epoch: 9500
Generator loss: 2.308505, Generator accuracy: 18.75
Discriminator loss: 0.6920942, Discriminator accuracy: 60.9375
-----------------------------------------------------------------

epoch: 9600
Generator loss: 1.4913129, Generator accuracy: 25.0
Discriminator loss: 0.5161736, Discriminator accuracy: 68.75
-----------------------------------------------------------------

epoch: 9700
Generator loss: 1.9718809, Generator accuracy: 15.625
Discriminator loss: 0.46364522, Discriminator accuracy: 84.375
-----------------------------------------------------------------

epoch: 9800
Generator loss: 1.9965948, Generator accuracy: 25.0
Discriminator loss: 0.45418143, Discriminator accuracy: 75.0
-----------------------------------------------------------------

epoch: 9900
Generator loss: 2.1718912, Generator accuracy: 9.375
Discriminator loss: 0.43697295, Discriminator accuracy: 76.5625
-----------------------------------------------------------------

epoch: 10000
Generator loss: 2.268239, Generator accuracy: 9.375
Discriminator loss: 0.7623734, Discriminator accuracy: 62.5
-----------------------------------------------------------------

epoch: 10100
Generator loss: 1.8706269, Generator accuracy: 21.875
Discriminator loss: 0.5116342, Discriminator accuracy: 78.125
-----------------------------------------------------------------

epoch: 10200
Generator loss: 2.0455925, Generator accuracy: 15.625
Discriminator loss: 0.53883445, Discriminator accuracy: 70.3125
-----------------------------------------------------------------

epoch: 10300
Generator loss: 1.9211138, Generator accuracy: 21.875
Discriminator loss: 0.4994411, Discriminator accuracy: 79.6875
-----------------------------------------------------------------

epoch: 10400
Generator loss: 2.173077, Generator accuracy: 12.5
Discriminator loss: 0.5891896, Discriminator accuracy: 68.75
-----------------------------------------------------------------

epoch: 10500
Generator loss: 2.0761704, Generator accuracy: 12.5
Discriminator loss: 0.50212866, Discriminator accuracy: 78.125
-----------------------------------------------------------------

epoch: 10600
Generator loss: 2.288927, Generator accuracy: 6.25
Discriminator loss: 0.5273953, Discriminator accuracy: 85.9375
-----------------------------------------------------------------

epoch: 10700
Generator loss: 2.7056754, Generator accuracy: 15.625
Discriminator loss: 0.6695795, Discriminator accuracy: 70.3125
-----------------------------------------------------------------

epoch: 10800
Generator loss: 2.5191505, Generator accuracy: 6.25
Discriminator loss: 0.5090257, Discriminator accuracy: 75.0
-----------------------------------------------------------------

epoch: 10900
Generator loss: 1.9498433, Generator accuracy: 15.625
Discriminator loss: 0.54703057, Discriminator accuracy: 67.1875
-----------------------------------------------------------------

epoch: 11000
Generator loss: 2.2247443, Generator accuracy: 18.75
Discriminator loss: 0.403311, Discriminator accuracy: 78.125
-----------------------------------------------------------------

epoch: 11100
Generator loss: 2.5537753, Generator accuracy: 21.875
Discriminator loss: 0.43422645, Discriminator accuracy: 79.6875
-----------------------------------------------------------------

epoch: 11200
Generator loss: 1.9490182, Generator accuracy: 18.75
Discriminator loss: 0.5078042, Discriminator accuracy: 78.125
-----------------------------------------------------------------

epoch: 11300
Generator loss: 2.5871024, Generator accuracy: 3.125
Discriminator loss: 0.58918947, Discriminator accuracy: 68.75
-----------------------------------------------------------------

epoch: 11400
Generator loss: 1.8690832, Generator accuracy: 28.125
Discriminator loss: 0.5907631, Discriminator accuracy: 73.4375
-----------------------------------------------------------------

epoch: 11500
Generator loss: 2.0161848, Generator accuracy: 21.875
Discriminator loss: 0.573223, Discriminator accuracy: 76.5625
-----------------------------------------------------------------

epoch: 11600
Generator loss: 2.4744048, Generator accuracy: 6.25
Discriminator loss: 0.4291841, Discriminator accuracy: 78.125
-----------------------------------------------------------------

epoch: 11700
Generator loss: 2.989195, Generator accuracy: 3.125
Discriminator loss: 0.30435902, Discriminator accuracy: 87.5
-----------------------------------------------------------------

epoch: 11800
Generator loss: 1.8459758, Generator accuracy: 25.0
Discriminator loss: 0.47875297, Discriminator accuracy: 76.5625
-----------------------------------------------------------------

epoch: 11900
Generator loss: 1.8727069, Generator accuracy: 18.75
Discriminator loss: 0.49308184, Discriminator accuracy: 78.125
-----------------------------------------------------------------

epoch: 12000
Generator loss: 1.8970513, Generator accuracy: 18.75
Discriminator loss: 0.40024722, Discriminator accuracy: 78.125
-----------------------------------------------------------------

epoch: 12100
Generator loss: 1.722658, Generator accuracy: 21.875
Discriminator loss: 0.45081902, Discriminator accuracy: 81.25
-----------------------------------------------------------------

epoch: 12200
Generator loss: 2.1972952, Generator accuracy: 18.75
Discriminator loss: 0.2916466, Discriminator accuracy: 87.5
-----------------------------------------------------------------

epoch: 12300
Generator loss: 2.2007315, Generator accuracy: 15.625
Discriminator loss: 0.4572018, Discriminator accuracy: 79.6875
-----------------------------------------------------------------

epoch: 12400
Generator loss: 2.8676538, Generator accuracy: 0.0
Discriminator loss: 0.56157184, Discriminator accuracy: 71.875
-----------------------------------------------------------------

epoch: 12500
Generator loss: 1.9711776, Generator accuracy: 15.625
Discriminator loss: 0.58167005, Discriminator accuracy: 76.5625
-----------------------------------------------------------------

epoch: 12600
Generator loss: 1.6502588, Generator accuracy: 25.0
Discriminator loss: 0.56258845, Discriminator accuracy: 82.8125
-----------------------------------------------------------------

epoch: 12700
Generator loss: 2.1135216, Generator accuracy: 18.75
Discriminator loss: 0.67338943, Discriminator accuracy: 76.5625
-----------------------------------------------------------------

epoch: 12800
Generator loss: 1.7127693, Generator accuracy: 18.75
Discriminator loss: 0.593307, Discriminator accuracy: 76.5625
-----------------------------------------------------------------

epoch: 12900
Generator loss: 2.790983, Generator accuracy: 6.25
Discriminator loss: 0.45682126, Discriminator accuracy: 82.8125
-----------------------------------------------------------------

epoch: 13000
Generator loss: 1.834967, Generator accuracy: 18.75
Discriminator loss: 0.2944162, Discriminator accuracy: 89.0625
-----------------------------------------------------------------

epoch: 13100
Generator loss: 2.2275076, Generator accuracy: 15.625
Discriminator loss: 0.6127095, Discriminator accuracy: 73.4375
-----------------------------------------------------------------

epoch: 13200
Generator loss: 2.7224448, Generator accuracy: 9.375
Discriminator loss: 0.41463837, Discriminator accuracy: 92.1875
-----------------------------------------------------------------

epoch: 13300
Generator loss: 2.426507, Generator accuracy: 18.75
Discriminator loss: 0.5967416, Discriminator accuracy: 68.75
-----------------------------------------------------------------

epoch: 13400
Generator loss: 2.2285523, Generator accuracy: 18.75
Discriminator loss: 0.63732433, Discriminator accuracy: 75.0
-----------------------------------------------------------------

epoch: 13500
Generator loss: 2.0408707, Generator accuracy: 25.0
Discriminator loss: 0.6324825, Discriminator accuracy: 64.0625
-----------------------------------------------------------------

epoch: 13600
Generator loss: 2.3719454, Generator accuracy: 12.5
Discriminator loss: 0.61379874, Discriminator accuracy: 78.125
-----------------------------------------------------------------

epoch: 13700
Generator loss: 2.220643, Generator accuracy: 12.5
Discriminator loss: 0.4707837, Discriminator accuracy: 87.5
-----------------------------------------------------------------

epoch: 13800
Generator loss: 3.1151252, Generator accuracy: 15.625
Discriminator loss: 0.85612124, Discriminator accuracy: 67.1875
-----------------------------------------------------------------

epoch: 13900
Generator loss: 2.7258644, Generator accuracy: 9.375
Discriminator loss: 0.3639563, Discriminator accuracy: 89.0625
-----------------------------------------------------------------

epoch: 14000
Generator loss: 2.286618, Generator accuracy: 12.5
Discriminator loss: 0.9339656, Discriminator accuracy: 60.9375
-----------------------------------------------------------------

epoch: 14100
Generator loss: 2.6901746, Generator accuracy: 3.125
Discriminator loss: 0.31115013, Discriminator accuracy: 85.9375
-----------------------------------------------------------------

epoch: 14200
Generator loss: 2.6912022, Generator accuracy: 3.125
Discriminator loss: 0.33003974, Discriminator accuracy: 85.9375
-----------------------------------------------------------------

epoch: 14300
Generator loss: 2.3148494, Generator accuracy: 12.5
Discriminator loss: 0.4450627, Discriminator accuracy: 78.125
-----------------------------------------------------------------

epoch: 14400
Generator loss: 2.028393, Generator accuracy: 21.875
Discriminator loss: 0.64619327, Discriminator accuracy: 67.1875
-----------------------------------------------------------------

epoch: 14500
Generator loss: 2.5096512, Generator accuracy: 15.625
Discriminator loss: 0.3597349, Discriminator accuracy: 89.0625
-----------------------------------------------------------------

epoch: 14600
Generator loss: 1.755737, Generator accuracy: 12.5
Discriminator loss: 0.5971869, Discriminator accuracy: 67.1875
-----------------------------------------------------------------

epoch: 14700
Generator loss: 1.5316291, Generator accuracy: 15.625
Discriminator loss: 0.52451885, Discriminator accuracy: 73.4375
-----------------------------------------------------------------

epoch: 14800
Generator loss: 1.9116478, Generator accuracy: 15.625
Discriminator loss: 0.35519746, Discriminator accuracy: 85.9375
-----------------------------------------------------------------

epoch: 14900
Generator loss: 2.6889825, Generator accuracy: 18.75
Discriminator loss: 0.41465497, Discriminator accuracy: 81.25
-----------------------------------------------------------------

epoch: 15000
Generator loss: 2.3039992, Generator accuracy: 9.375
Discriminator loss: 0.48286918, Discriminator accuracy: 81.25
-----------------------------------------------------------------

epoch: 15100
Generator loss: 1.6272604, Generator accuracy: 25.0
Discriminator loss: 0.4474024, Discriminator accuracy: 82.8125
-----------------------------------------------------------------

epoch: 15200
Generator loss: 2.0909889, Generator accuracy: 12.5
Discriminator loss: 0.383245, Discriminator accuracy: 90.625
-----------------------------------------------------------------

epoch: 15300
Generator loss: 2.3472805, Generator accuracy: 9.375
Discriminator loss: 0.5625156, Discriminator accuracy: 71.875
-----------------------------------------------------------------

epoch: 15400
Generator loss: 1.7137375, Generator accuracy: 40.625
Discriminator loss: 0.46164376, Discriminator accuracy: 78.125
-----------------------------------------------------------------

epoch: 15500
Generator loss: 2.5432065, Generator accuracy: 6.25
Discriminator loss: 0.6024663, Discriminator accuracy: 78.125
-----------------------------------------------------------------

epoch: 15600
Generator loss: 2.6069112, Generator accuracy: 9.375
Discriminator loss: 0.42205775, Discriminator accuracy: 81.25
-----------------------------------------------------------------

epoch: 15700
Generator loss: 1.7659086, Generator accuracy: 21.875
Discriminator loss: 0.6453364, Discriminator accuracy: 62.5
-----------------------------------------------------------------

epoch: 15800
Generator loss: 2.5678954, Generator accuracy: 15.625
Discriminator loss: 0.73894584, Discriminator accuracy: 67.1875
-----------------------------------------------------------------

epoch: 15900
Generator loss: 2.4686284, Generator accuracy: 21.875
Discriminator loss: 0.4627778, Discriminator accuracy: 79.6875
-----------------------------------------------------------------

epoch: 16000
Generator loss: 2.8482897, Generator accuracy: 0.0
Discriminator loss: 0.28617245, Discriminator accuracy: 87.5
-----------------------------------------------------------------

epoch: 16100
Generator loss: 2.3551772, Generator accuracy: 9.375
Discriminator loss: 0.60103, Discriminator accuracy: 73.4375
-----------------------------------------------------------------

epoch: 16200
Generator loss: 2.0967317, Generator accuracy: 25.0
Discriminator loss: 0.6905364, Discriminator accuracy: 68.75
-----------------------------------------------------------------

epoch: 16300
Generator loss: 2.4422772, Generator accuracy: 12.5
Discriminator loss: 0.50359076, Discriminator accuracy: 76.5625
-----------------------------------------------------------------

epoch: 16400
Generator loss: 1.8703318, Generator accuracy: 18.75
Discriminator loss: 0.4407372, Discriminator accuracy: 78.125
-----------------------------------------------------------------

epoch: 16500
Generator loss: 1.9236073, Generator accuracy: 12.5
Discriminator loss: 0.37552097, Discriminator accuracy: 87.5
-----------------------------------------------------------------

epoch: 16600
Generator loss: 1.770396, Generator accuracy: 25.0
Discriminator loss: 0.5719013, Discriminator accuracy: 81.25
-----------------------------------------------------------------

epoch: 16700
Generator loss: 1.8211834, Generator accuracy: 25.0
Discriminator loss: 0.39143616, Discriminator accuracy: 79.6875
-----------------------------------------------------------------

epoch: 16800
Generator loss: 2.8213606, Generator accuracy: 12.5
Discriminator loss: 0.31720296, Discriminator accuracy: 92.1875
-----------------------------------------------------------------

epoch: 16900
Generator loss: 2.941876, Generator accuracy: 15.625
Discriminator loss: 0.5680363, Discriminator accuracy: 73.4375
-----------------------------------------------------------------

epoch: 17000
Generator loss: 2.1975722, Generator accuracy: 15.625
Discriminator loss: 0.5491378, Discriminator accuracy: 76.5625
-----------------------------------------------------------------

epoch: 17100
Generator loss: 2.5891569, Generator accuracy: 12.5
Discriminator loss: 0.56763756, Discriminator accuracy: 81.25
-----------------------------------------------------------------

epoch: 17200
Generator loss: 2.0668426, Generator accuracy: 15.625
Discriminator loss: 0.63258857, Discriminator accuracy: 75.0
-----------------------------------------------------------------

epoch: 17300
Generator loss: 2.0709763, Generator accuracy: 15.625
Discriminator loss: 0.69408154, Discriminator accuracy: 60.9375
-----------------------------------------------------------------

epoch: 17400
Generator loss: 2.4105165, Generator accuracy: 15.625
Discriminator loss: 0.73494196, Discriminator accuracy: 65.625
-----------------------------------------------------------------

epoch: 17500
Generator loss: 2.5480056, Generator accuracy: 9.375
Discriminator loss: 0.27740186, Discriminator accuracy: 90.625
-----------------------------------------------------------------

epoch: 17600
Generator loss: 2.5353265, Generator accuracy: 9.375
Discriminator loss: 0.441677, Discriminator accuracy: 78.125
-----------------------------------------------------------------

epoch: 17700
Generator loss: 2.2369897, Generator accuracy: 28.125
Discriminator loss: 0.4734943, Discriminator accuracy: 73.4375
-----------------------------------------------------------------

epoch: 17800
Generator loss: 2.1659544, Generator accuracy: 9.375
Discriminator loss: 0.65480936, Discriminator accuracy: 71.875
-----------------------------------------------------------------

epoch: 17900
Generator loss: 2.2917671, Generator accuracy: 18.75
Discriminator loss: 0.42915103, Discriminator accuracy: 81.25
-----------------------------------------------------------------

epoch: 18000
Generator loss: 2.271955, Generator accuracy: 9.375
Discriminator loss: 0.76364887, Discriminator accuracy: 62.5
-----------------------------------------------------------------

epoch: 18100
Generator loss: 1.9713793, Generator accuracy: 18.75
Discriminator loss: 0.42729998, Discriminator accuracy: 84.375
-----------------------------------------------------------------

epoch: 18200
Generator loss: 2.7436028, Generator accuracy: 15.625
Discriminator loss: 0.8988795, Discriminator accuracy: 54.6875
-----------------------------------------------------------------

epoch: 18300
Generator loss: 1.6305646, Generator accuracy: 31.25
Discriminator loss: 0.6509451, Discriminator accuracy: 67.1875
-----------------------------------------------------------------

epoch: 18400
Generator loss: 2.1321192, Generator accuracy: 25.0
Discriminator loss: 0.8067931, Discriminator accuracy: 59.375
-----------------------------------------------------------------

epoch: 18500
Generator loss: 2.4249434, Generator accuracy: 12.5
Discriminator loss: 0.3836896, Discriminator accuracy: 82.8125
-----------------------------------------------------------------

epoch: 18600
Generator loss: 1.6932393, Generator accuracy: 21.875
Discriminator loss: 0.46202785, Discriminator accuracy: 81.25
-----------------------------------------------------------------

epoch: 18700
Generator loss: 3.1711602, Generator accuracy: 3.125
Discriminator loss: 0.2417657, Discriminator accuracy: 93.75
-----------------------------------------------------------------

epoch: 18800
Generator loss: 1.9843092, Generator accuracy: 12.5
Discriminator loss: 0.52943534, Discriminator accuracy: 73.4375
-----------------------------------------------------------------

epoch: 18900
Generator loss: 2.0520113, Generator accuracy: 25.0
Discriminator loss: 0.44207785, Discriminator accuracy: 78.125
-----------------------------------------------------------------

epoch: 19000
Generator loss: 2.9087045, Generator accuracy: 12.5
Discriminator loss: 0.36772394, Discriminator accuracy: 84.375
-----------------------------------------------------------------

epoch: 19100
Generator loss: 2.6263466, Generator accuracy: 15.625
Discriminator loss: 0.4542669, Discriminator accuracy: 78.125
-----------------------------------------------------------------

epoch: 19200
Generator loss: 2.9273043, Generator accuracy: 6.25
Discriminator loss: 0.4301995, Discriminator accuracy: 82.8125
-----------------------------------------------------------------

epoch: 19300
Generator loss: 2.6667733, Generator accuracy: 6.25
Discriminator loss: 0.3926475, Discriminator accuracy: 79.6875
-----------------------------------------------------------------

epoch: 19400
Generator loss: 2.1949778, Generator accuracy: 15.625
Discriminator loss: 0.41641685, Discriminator accuracy: 82.8125
-----------------------------------------------------------------

epoch: 19500
Generator loss: 3.2140477, Generator accuracy: 12.5
Discriminator loss: 0.38794646, Discriminator accuracy: 78.125
-----------------------------------------------------------------

epoch: 19600
Generator loss: 2.492255, Generator accuracy: 3.125
Discriminator loss: 0.36549693, Discriminator accuracy: 85.9375
-----------------------------------------------------------------

epoch: 19700
Generator loss: 2.5181155, Generator accuracy: 3.125
Discriminator loss: 0.507733, Discriminator accuracy: 73.4375
-----------------------------------------------------------------

epoch: 19800
Generator loss: 2.623404, Generator accuracy: 12.5
Discriminator loss: 0.5198423, Discriminator accuracy: 75.0
-----------------------------------------------------------------

epoch: 19900
Generator loss: 1.8411577, Generator accuracy: 40.625
Discriminator loss: 0.5206969, Discriminator accuracy: 76.5625
-----------------------------------------------------------------

epoch: 20000
Generator loss: 2.4414678, Generator accuracy: 18.75
Discriminator loss: 0.5729015, Discriminator accuracy: 73.4375
-----------------------------------------------------------------

epoch: 20100
Generator loss: 2.147499, Generator accuracy: 21.875
Discriminator loss: 0.4704917, Discriminator accuracy: 78.125
-----------------------------------------------------------------

epoch: 20200
Generator loss: 2.284362, Generator accuracy: 15.625
Discriminator loss: 0.48130602, Discriminator accuracy: 71.875
-----------------------------------------------------------------

epoch: 20300
Generator loss: 1.7345998, Generator accuracy: 18.75
Discriminator loss: 0.5726749, Discriminator accuracy: 75.0
-----------------------------------------------------------------

epoch: 20400
Generator loss: 2.7602987, Generator accuracy: 9.375
Discriminator loss: 0.40864414, Discriminator accuracy: 84.375
-----------------------------------------------------------------

epoch: 20500
Generator loss: 2.4489343, Generator accuracy: 21.875
Discriminator loss: 0.62119925, Discriminator accuracy: 67.1875
-----------------------------------------------------------------

epoch: 20600
Generator loss: 2.7501771, Generator accuracy: 0.0
Discriminator loss: 0.48329338, Discriminator accuracy: 76.5625
-----------------------------------------------------------------

epoch: 20700
Generator loss: 2.139555, Generator accuracy: 21.875
Discriminator loss: 0.4381261, Discriminator accuracy: 78.125
-----------------------------------------------------------------

epoch: 20800
Generator loss: 2.3772821, Generator accuracy: 9.375
Discriminator loss: 0.4711703, Discriminator accuracy: 71.875
-----------------------------------------------------------------

epoch: 20900
Generator loss: 2.2081974, Generator accuracy: 12.5
Discriminator loss: 0.47163364, Discriminator accuracy: 81.25
-----------------------------------------------------------------

epoch: 21000
Generator loss: 2.910491, Generator accuracy: 3.125
Discriminator loss: 0.20898354, Discriminator accuracy: 90.625
-----------------------------------------------------------------

epoch: 21100
Generator loss: 2.154666, Generator accuracy: 15.625
Discriminator loss: 0.5596459, Discriminator accuracy: 71.875
-----------------------------------------------------------------

epoch: 21200
Generator loss: 2.014603, Generator accuracy: 6.25
Discriminator loss: 0.51966166, Discriminator accuracy: 75.0
-----------------------------------------------------------------

epoch: 21300
Generator loss: 2.5136623, Generator accuracy: 9.375
Discriminator loss: 0.65894485, Discriminator accuracy: 70.3125
-----------------------------------------------------------------

epoch: 21400
Generator loss: 2.805102, Generator accuracy: 15.625
Discriminator loss: 0.53398335, Discriminator accuracy: 71.875
-----------------------------------------------------------------

epoch: 21500
Generator loss: 2.0479555, Generator accuracy: 15.625
Discriminator loss: 0.70542824, Discriminator accuracy: 73.4375
-----------------------------------------------------------------

epoch: 21600
Generator loss: 2.9398642, Generator accuracy: 12.5
Discriminator loss: 0.4055183, Discriminator accuracy: 81.25
-----------------------------------------------------------------

epoch: 21700
Generator loss: 1.8547379, Generator accuracy: 34.375
Discriminator loss: 0.7621609, Discriminator accuracy: 70.3125
-----------------------------------------------------------------

epoch: 21800
Generator loss: 2.2918248, Generator accuracy: 12.5
Discriminator loss: 0.43747047, Discriminator accuracy: 81.25
-----------------------------------------------------------------

epoch: 21900
Generator loss: 2.9709601, Generator accuracy: 9.375
Discriminator loss: 0.37107095, Discriminator accuracy: 84.375
-----------------------------------------------------------------

epoch: 22000
Generator loss: 2.637368, Generator accuracy: 6.25
Discriminator loss: 0.40326154, Discriminator accuracy: 84.375
-----------------------------------------------------------------

epoch: 22100
Generator loss: 2.1003165, Generator accuracy: 12.5
Discriminator loss: 0.40578982, Discriminator accuracy: 79.6875
-----------------------------------------------------------------

epoch: 22200
Generator loss: 3.3066142, Generator accuracy: 12.5
Discriminator loss: 0.5205874, Discriminator accuracy: 71.875
-----------------------------------------------------------------

epoch: 22300
Generator loss: 2.6770387, Generator accuracy: 9.375
Discriminator loss: 0.63311, Discriminator accuracy: 68.75
-----------------------------------------------------------------

epoch: 22400
Generator loss: 3.0196257, Generator accuracy: 6.25
Discriminator loss: 0.44865698, Discriminator accuracy: 81.25
-----------------------------------------------------------------

epoch: 22500
Generator loss: 2.648923, Generator accuracy: 9.375
Discriminator loss: 0.5222826, Discriminator accuracy: 82.8125
-----------------------------------------------------------------

epoch: 22600
Generator loss: 2.1782928, Generator accuracy: 12.5
Discriminator loss: 0.33623463, Discriminator accuracy: 89.0625
-----------------------------------------------------------------

epoch: 22700
Generator loss: 2.1066995, Generator accuracy: 21.875
Discriminator loss: 0.5286248, Discriminator accuracy: 68.75
-----------------------------------------------------------------

epoch: 22800
Generator loss: 2.681608, Generator accuracy: 15.625
Discriminator loss: 0.36462694, Discriminator accuracy: 85.9375
-----------------------------------------------------------------

epoch: 22900
Generator loss: 2.5308826, Generator accuracy: 21.875
Discriminator loss: 0.5221129, Discriminator accuracy: 71.875
-----------------------------------------------------------------

epoch: 23000
Generator loss: 2.3564844, Generator accuracy: 18.75
Discriminator loss: 0.56913745, Discriminator accuracy: 78.125
-----------------------------------------------------------------

epoch: 23100
Generator loss: 2.5213542, Generator accuracy: 18.75
Discriminator loss: 0.39142978, Discriminator accuracy: 84.375
-----------------------------------------------------------------

epoch: 23200
Generator loss: 2.8467035, Generator accuracy: 6.25
Discriminator loss: 0.3278774, Discriminator accuracy: 87.5
-----------------------------------------------------------------

epoch: 23300
Generator loss: 2.4569316, Generator accuracy: 3.125
Discriminator loss: 0.27573535, Discriminator accuracy: 87.5
-----------------------------------------------------------------

epoch: 23400
Generator loss: 2.9389853, Generator accuracy: 18.75
Discriminator loss: 0.66479945, Discriminator accuracy: 57.8125
-----------------------------------------------------------------

epoch: 23500
Generator loss: 3.029379, Generator accuracy: 12.5
Discriminator loss: 0.257262, Discriminator accuracy: 89.0625
-----------------------------------------------------------------

epoch: 23600
Generator loss: 2.475142, Generator accuracy: 15.625
Discriminator loss: 0.9120023, Discriminator accuracy: 62.5
-----------------------------------------------------------------

epoch: 23700
Generator loss: 2.840818, Generator accuracy: 15.625
Discriminator loss: 0.38543776, Discriminator accuracy: 82.8125
-----------------------------------------------------------------

epoch: 23800
Generator loss: 1.8797388, Generator accuracy: 21.875
Discriminator loss: 0.63931, Discriminator accuracy: 70.3125
-----------------------------------------------------------------

epoch: 23900
Generator loss: 2.963139, Generator accuracy: 9.375
Discriminator loss: 0.6463418, Discriminator accuracy: 71.875
-----------------------------------------------------------------

epoch: 24000
Generator loss: 2.3738291, Generator accuracy: 18.75
Discriminator loss: 0.18034828, Discriminator accuracy: 95.3125
-----------------------------------------------------------------

epoch: 24100
Generator loss: 2.3450298, Generator accuracy: 15.625
Discriminator loss: 0.4548216, Discriminator accuracy: 82.8125
-----------------------------------------------------------------

epoch: 24200
Generator loss: 2.014356, Generator accuracy: 21.875
Discriminator loss: 0.5274067, Discriminator accuracy: 79.6875
-----------------------------------------------------------------

epoch: 24300
Generator loss: 2.4367301, Generator accuracy: 15.625
Discriminator loss: 0.44191122, Discriminator accuracy: 79.6875
-----------------------------------------------------------------

epoch: 24400
Generator loss: 2.525082, Generator accuracy: 12.5
Discriminator loss: 0.4601444, Discriminator accuracy: 73.4375
-----------------------------------------------------------------

epoch: 24500
Generator loss: 1.9902598, Generator accuracy: 25.0
Discriminator loss: 0.64758646, Discriminator accuracy: 68.75
-----------------------------------------------------------------

epoch: 24600
Generator loss: 1.9805154, Generator accuracy: 25.0
Discriminator loss: 0.67663026, Discriminator accuracy: 65.625
-----------------------------------------------------------------

epoch: 24700
Generator loss: 2.3086839, Generator accuracy: 28.125
Discriminator loss: 0.49902868, Discriminator accuracy: 78.125
-----------------------------------------------------------------

epoch: 24800
Generator loss: 2.8912737, Generator accuracy: 12.5
Discriminator loss: 0.2888236, Discriminator accuracy: 84.375
-----------------------------------------------------------------

epoch: 24900
Generator loss: 2.455925, Generator accuracy: 12.5
Discriminator loss: 0.42000407, Discriminator accuracy: 76.5625
-----------------------------------------------------------------

epoch: 25000
Generator loss: 1.8562036, Generator accuracy: 25.0
Discriminator loss: 0.3290126, Discriminator accuracy: 87.5
-----------------------------------------------------------------

epoch: 25100
Generator loss: 2.1000473, Generator accuracy: 18.75
Discriminator loss: 0.3549065, Discriminator accuracy: 89.0625
-----------------------------------------------------------------

epoch: 25200
Generator loss: 2.9634871, Generator accuracy: 3.125
Discriminator loss: 0.19414158, Discriminator accuracy: 95.3125
-----------------------------------------------------------------

epoch: 25300
Generator loss: 2.6191857, Generator accuracy: 25.0
Discriminator loss: 0.54332244, Discriminator accuracy: 81.25
-----------------------------------------------------------------

epoch: 25400
Generator loss: 1.8134193, Generator accuracy: 18.75
Discriminator loss: 0.6467272, Discriminator accuracy: 67.1875
-----------------------------------------------------------------

epoch: 25500
Generator loss: 2.7288628, Generator accuracy: 15.625
Discriminator loss: 0.32792538, Discriminator accuracy: 84.375
-----------------------------------------------------------------

epoch: 25600
Generator loss: 1.9187298, Generator accuracy: 12.5
Discriminator loss: 0.58183086, Discriminator accuracy: 67.1875
-----------------------------------------------------------------

epoch: 25700
Generator loss: 2.2953143, Generator accuracy: 15.625
Discriminator loss: 0.36073616, Discriminator accuracy: 82.8125
-----------------------------------------------------------------

epoch: 25800
Generator loss: 2.505892, Generator accuracy: 12.5
Discriminator loss: 0.6259842, Discriminator accuracy: 71.875
-----------------------------------------------------------------

epoch: 25900
Generator loss: 2.912241, Generator accuracy: 12.5
Discriminator loss: 0.44933084, Discriminator accuracy: 81.25
-----------------------------------------------------------------

epoch: 26000
Generator loss: 2.3568811, Generator accuracy: 12.5
Discriminator loss: 0.4447, Discriminator accuracy: 84.375
-----------------------------------------------------------------

epoch: 26100
Generator loss: 2.7595997, Generator accuracy: 15.625
Discriminator loss: 0.43803775, Discriminator accuracy: 81.25
-----------------------------------------------------------------

epoch: 26200
Generator loss: 2.8216538, Generator accuracy: 6.25
Discriminator loss: 0.3873446, Discriminator accuracy: 89.0625
-----------------------------------------------------------------

epoch: 26300
Generator loss: 2.7881017, Generator accuracy: 12.5
Discriminator loss: 0.7232045, Discriminator accuracy: 65.625
-----------------------------------------------------------------

epoch: 26400
Generator loss: 3.0215788, Generator accuracy: 9.375
Discriminator loss: 0.4220612, Discriminator accuracy: 84.375
-----------------------------------------------------------------

epoch: 26500
Generator loss: 2.2093318, Generator accuracy: 18.75
Discriminator loss: 0.3395073, Discriminator accuracy: 84.375
-----------------------------------------------------------------

epoch: 26600
Generator loss: 2.0744796, Generator accuracy: 34.375
Discriminator loss: 0.46422905, Discriminator accuracy: 81.25
-----------------------------------------------------------------

epoch: 26700
Generator loss: 1.8251905, Generator accuracy: 21.875
Discriminator loss: 0.60836995, Discriminator accuracy: 65.625
-----------------------------------------------------------------

epoch: 26800
Generator loss: 2.3932948, Generator accuracy: 15.625
Discriminator loss: 0.4626996, Discriminator accuracy: 78.125
-----------------------------------------------------------------

epoch: 26900
Generator loss: 2.68911, Generator accuracy: 18.75
Discriminator loss: 0.7907177, Discriminator accuracy: 65.625
-----------------------------------------------------------------

epoch: 27000
Generator loss: 3.4927115, Generator accuracy: 9.375
Discriminator loss: 0.48953772, Discriminator accuracy: 81.25
-----------------------------------------------------------------

epoch: 27100
Generator loss: 3.0353503, Generator accuracy: 6.25
Discriminator loss: 0.5541317, Discriminator accuracy: 79.6875
-----------------------------------------------------------------

epoch: 27200
Generator loss: 2.8903909, Generator accuracy: 6.25
Discriminator loss: 0.33239743, Discriminator accuracy: 82.8125
-----------------------------------------------------------------

epoch: 27300
Generator loss: 2.7748272, Generator accuracy: 6.25
Discriminator loss: 0.3150168, Discriminator accuracy: 90.625
-----------------------------------------------------------------

epoch: 27400
Generator loss: 3.8484635, Generator accuracy: 6.25
Discriminator loss: 0.36592355, Discriminator accuracy: 84.375
-----------------------------------------------------------------

epoch: 27500
Generator loss: 2.2642393, Generator accuracy: 28.125
Discriminator loss: 0.7031082, Discriminator accuracy: 71.875
-----------------------------------------------------------------

epoch: 27600
Generator loss: 2.7761607, Generator accuracy: 3.125
Discriminator loss: 0.5393371, Discriminator accuracy: 75.0
-----------------------------------------------------------------

epoch: 27700
Generator loss: 1.9364365, Generator accuracy: 15.625
Discriminator loss: 0.61061615, Discriminator accuracy: 71.875
-----------------------------------------------------------------

epoch: 27800
Generator loss: 3.2408085, Generator accuracy: 9.375
Discriminator loss: 0.56280607, Discriminator accuracy: 71.875
-----------------------------------------------------------------

epoch: 27900
Generator loss: 2.706021, Generator accuracy: 6.25
Discriminator loss: 0.5730612, Discriminator accuracy: 76.5625
-----------------------------------------------------------------

epoch: 28000
Generator loss: 3.0040839, Generator accuracy: 9.375
Discriminator loss: 0.5498899, Discriminator accuracy: 78.125
-----------------------------------------------------------------

epoch: 28100
Generator loss: 2.6157918, Generator accuracy: 3.125
Discriminator loss: 0.37947336, Discriminator accuracy: 84.375
-----------------------------------------------------------------

epoch: 28200
Generator loss: 3.5285192, Generator accuracy: 9.375
Discriminator loss: 0.47998947, Discriminator accuracy: 79.6875
-----------------------------------------------------------------

epoch: 28300
Generator loss: 2.5429559, Generator accuracy: 9.375
Discriminator loss: 0.3740605, Discriminator accuracy: 84.375
-----------------------------------------------------------------

epoch: 28400
Generator loss: 2.93862, Generator accuracy: 12.5
Discriminator loss: 0.3920704, Discriminator accuracy: 85.9375
-----------------------------------------------------------------

epoch: 28500
Generator loss: 1.9420605, Generator accuracy: 25.0
Discriminator loss: 0.96247673, Discriminator accuracy: 65.625
-----------------------------------------------------------------

epoch: 28600
Generator loss: 3.658308, Generator accuracy: 9.375
Discriminator loss: 0.3491784, Discriminator accuracy: 79.6875
-----------------------------------------------------------------

epoch: 28700
Generator loss: 2.003221, Generator accuracy: 21.875
Discriminator loss: 0.40201175, Discriminator accuracy: 85.9375
-----------------------------------------------------------------

epoch: 28800
Generator loss: 2.9288406, Generator accuracy: 12.5
Discriminator loss: 0.45127642, Discriminator accuracy: 81.25
-----------------------------------------------------------------

epoch: 28900
Generator loss: 2.6473756, Generator accuracy: 6.25
Discriminator loss: 0.270591, Discriminator accuracy: 85.9375
-----------------------------------------------------------------

epoch: 29000
Generator loss: 2.2898388, Generator accuracy: 18.75
Discriminator loss: 0.41731843, Discriminator accuracy: 79.6875
-----------------------------------------------------------------

epoch: 29100
Generator loss: 3.2161293, Generator accuracy: 6.25
Discriminator loss: 0.34669214, Discriminator accuracy: 84.375
-----------------------------------------------------------------

